[2026-05-04T09:07:21.289+0000] {manager.py:469} INFO - Processing files using up to 2 processes at a time 
[2026-05-04T09:07:21.291+0000] {manager.py:470} INFO - Process each file at most once every 30 seconds
[2026-05-04T09:07:21.293+0000] {manager.py:471} INFO - Checking for new files in /opt/airflow/dags every 300 seconds
[2026-05-04T09:07:21.295+0000] {manager.py:738} INFO - Searching for files in /opt/airflow/dags
[2026-05-04T09:07:21.315+0000] {manager.py:741} INFO - There are 1 files in /opt/airflow/dags
[2026-05-04T09:07:21.504+0000] {manager.py:879} INFO - 
================================================================================
DAG File Processing Stats

File Path                       PID  Runtime      # DAGs    # Errors  Last Runtime    Last Run
----------------------------  -----  ---------  --------  ----------  --------------  ----------
/opt/airflow/dags/dbt_dag.py    167  0.07s             0           0
================================================================================
[2026-05-04T09:07:51.668+0000] {manager.py:879} INFO - 
================================================================================
DAG File Processing Stats

File Path                     PID    Runtime      # DAGs    # Errors  Last Runtime    Last Run
----------------------------  -----  ---------  --------  ----------  --------------  -------------------
/opt/airflow/dags/dbt_dag.py                           1           0  0.60s           2026-05-04T09:07:22
================================================================================
[2026-05-04T09:08:22.379+0000] {manager.py:879} INFO - 
================================================================================
DAG File Processing Stats

File Path                     PID    Runtime      # DAGs    # Errors  Last Runtime    Last Run
----------------------------  -----  ---------  --------  ----------  --------------  -------------------
/opt/airflow/dags/dbt_dag.py                           1           0  0.17s           2026-05-04T09:07:52
================================================================================
[2026-05-04T09:08:52.679+0000] {manager.py:879} INFO - 
================================================================================
DAG File Processing Stats

File Path                     PID    Runtime      # DAGs    # Errors  Last Runtime    Last Run
----------------------------  -----  ---------  --------  ----------  --------------  -------------------
/opt/airflow/dags/dbt_dag.py                           1           0  0.20s           2026-05-04T09:08:22
================================================================================
[2026-05-04T09:09:23.027+0000] {manager.py:879} INFO - 
================================================================================
DAG File Processing Stats

File Path                       PID  Runtime      # DAGs    # Errors  Last Runtime    Last Run
----------------------------  -----  ---------  --------  ----------  --------------  -------------------
/opt/airflow/dags/dbt_dag.py    188  0.00s             1           0  0.14s           2026-05-04T09:08:53
================================================================================
[2026-05-04T09:09:53.277+0000] {manager.py:879} INFO - 
================================================================================
DAG File Processing Stats

File Path                       PID  Runtime      # DAGs    # Errors  Last Runtime    Last Run
----------------------------  -----  ---------  --------  ----------  --------------  -------------------
/opt/airflow/dags/dbt_dag.py    193  0.00s             1           0  0.11s           2026-05-04T09:09:23
================================================================================
[2026-05-04T09:10:23.451+0000] {manager.py:879} INFO - 
================================================================================
DAG File Processing Stats

File Path                       PID  Runtime      # DAGs    # Errors  Last Runtime    Last Run
----------------------------  -----  ---------  --------  ----------  --------------  -------------------
/opt/airflow/dags/dbt_dag.py    198  0.00s             1           0  0.14s           2026-05-04T09:09:53
================================================================================
[2026-05-04T09:10:53.712+0000] {manager.py:879} INFO - 
================================================================================
DAG File Processing Stats

File Path                       PID  Runtime      # DAGs    # Errors  Last Runtime    Last Run
----------------------------  -----  ---------  --------  ----------  --------------  -------------------
/opt/airflow/dags/dbt_dag.py    203  0.00s             1           0  0.10s           2026-05-04T09:10:23
================================================================================
[2026-05-04T09:11:23.881+0000] {manager.py:879} INFO - 
================================================================================
DAG File Processing Stats

File Path                       PID  Runtime      # DAGs    # Errors  Last Runtime    Last Run
----------------------------  -----  ---------  --------  ----------  --------------  -------------------
/opt/airflow/dags/dbt_dag.py    208  0.00s             1           0  0.12s           2026-05-04T09:10:53
================================================================================
[2026-05-04T09:11:54.108+0000] {manager.py:879} INFO - 
================================================================================
DAG File Processing Stats

File Path                       PID  Runtime      # DAGs    # Errors  Last Runtime    Last Run
----------------------------  -----  ---------  --------  ----------  --------------  -------------------
/opt/airflow/dags/dbt_dag.py    213  0.01s             1           0  0.10s           2026-05-04T09:11:23
================================================================================
[2026-05-04T09:12:21.330+0000] {manager.py:738} INFO - Searching for files in /opt/airflow/dags
[2026-05-04T09:12:21.347+0000] {manager.py:741} INFO - There are 1 files in /opt/airflow/dags
[2026-05-04T09:12:24.283+0000] {manager.py:879} INFO - 
================================================================================
DAG File Processing Stats

File Path                       PID  Runtime      # DAGs    # Errors  Last Runtime    Last Run
----------------------------  -----  ---------  --------  ----------  --------------  -------------------
/opt/airflow/dags/dbt_dag.py    218  0.00s             1           0  0.11s           2026-05-04T09:11:54
================================================================================
[2026-05-04T09:12:54.525+0000] {manager.py:879} INFO - 
================================================================================
DAG File Processing Stats

File Path                       PID  Runtime      # DAGs    # Errors  Last Runtime    Last Run
----------------------------  -----  ---------  --------  ----------  --------------  -------------------
/opt/airflow/dags/dbt_dag.py    223  0.01s             1           0  0.10s           2026-05-04T09:12:24
================================================================================
[2026-05-04T09:13:24.689+0000] {manager.py:879} INFO - 
================================================================================
DAG File Processing Stats

File Path                       PID  Runtime      # DAGs    # Errors  Last Runtime    Last Run
----------------------------  -----  ---------  --------  ----------  --------------  -------------------
/opt/airflow/dags/dbt_dag.py    228  0.00s             1           0  0.12s           2026-05-04T09:12:54
================================================================================
[2026-05-04T09:15:02.625+0000] {manager.py:469} INFO - Processing files using up to 2 processes at a time 
[2026-05-04T09:15:02.626+0000] {manager.py:470} INFO - Process each file at most once every 30 seconds
[2026-05-04T09:15:02.628+0000] {manager.py:471} INFO - Checking for new files in /opt/airflow/dags every 300 seconds
[2026-05-04T09:15:02.629+0000] {manager.py:738} INFO - Searching for files in /opt/airflow/dags
[2026-05-04T09:15:02.645+0000] {manager.py:741} INFO - There are 1 files in /opt/airflow/dags
[2026-05-04T09:15:02.737+0000] {manager.py:879} INFO - 
================================================================================
DAG File Processing Stats

File Path                       PID  Runtime      # DAGs    # Errors  Last Runtime    Last Run
----------------------------  -----  ---------  --------  ----------  --------------  ----------
/opt/airflow/dags/dbt_dag.py    168  0.05s             0           0
================================================================================
[2026-05-04T09:15:32.884+0000] {manager.py:879} INFO - 
================================================================================
DAG File Processing Stats

File Path                     PID    Runtime      # DAGs    # Errors  Last Runtime    Last Run
----------------------------  -----  ---------  --------  ----------  --------------  -------------------
/opt/airflow/dags/dbt_dag.py                           1           0  0.36s           2026-05-04T09:15:03
================================================================================
[2026-05-04T09:16:03.385+0000] {manager.py:879} INFO - 
================================================================================
DAG File Processing Stats

File Path                       PID  Runtime      # DAGs    # Errors  Last Runtime    Last Run
----------------------------  -----  ---------  --------  ----------  --------------  -------------------
/opt/airflow/dags/dbt_dag.py    178  0.01s             1           0  0.11s           2026-05-04T09:15:33
================================================================================
[2026-05-04T09:16:33.626+0000] {manager.py:879} INFO - 
================================================================================
DAG File Processing Stats

File Path                       PID  Runtime      # DAGs    # Errors  Last Runtime    Last Run
----------------------------  -----  ---------  --------  ----------  --------------  -------------------
/opt/airflow/dags/dbt_dag.py    183  0.01s             1           0  0.12s           2026-05-04T09:16:03
================================================================================
[2026-05-04T09:17:03.821+0000] {manager.py:879} INFO - 
================================================================================
DAG File Processing Stats

File Path                     PID    Runtime      # DAGs    # Errors  Last Runtime    Last Run
----------------------------  -----  ---------  --------  ----------  --------------  -------------------
/opt/airflow/dags/dbt_dag.py                           1           0  0.20s           2026-05-04T09:16:33
================================================================================
[2026-05-04T09:17:34.146+0000] {manager.py:879} INFO - 
================================================================================
DAG File Processing Stats

File Path                       PID  Runtime      # DAGs    # Errors  Last Runtime    Last Run
----------------------------  -----  ---------  --------  ----------  --------------  -------------------
/opt/airflow/dags/dbt_dag.py    193  0.00s             1           0  0.15s           2026-05-04T09:17:04
================================================================================
[2026-05-04T09:18:04.330+0000] {manager.py:879} INFO - 
================================================================================
DAG File Processing Stats

File Path                       PID  Runtime      # DAGs    # Errors  Last Runtime    Last Run
----------------------------  -----  ---------  --------  ----------  --------------  -------------------
/opt/airflow/dags/dbt_dag.py    198  0.00s             1           0  0.11s           2026-05-04T09:17:34
================================================================================
[2026-05-04T09:18:34.668+0000] {manager.py:879} INFO - 
================================================================================
DAG File Processing Stats

File Path                       PID  Runtime      # DAGs    # Errors  Last Runtime    Last Run
----------------------------  -----  ---------  --------  ----------  --------------  -------------------
/opt/airflow/dags/dbt_dag.py    205  0.02s             1           0  0.12s           2026-05-04T09:18:04
================================================================================
[2026-05-04T09:19:04.846+0000] {manager.py:879} INFO - 
================================================================================
DAG File Processing Stats

File Path                     PID    Runtime      # DAGs    # Errors  Last Runtime    Last Run
----------------------------  -----  ---------  --------  ----------  --------------  -------------------
/opt/airflow/dags/dbt_dag.py                           1           0  0.29s           2026-05-04T09:18:34
================================================================================
[2026-05-04T09:20:08.916+0000] {manager.py:469} INFO - Processing files using up to 2 processes at a time 
[2026-05-04T09:20:08.918+0000] {manager.py:470} INFO - Process each file at most once every 30 seconds
[2026-05-04T09:20:08.920+0000] {manager.py:471} INFO - Checking for new files in /opt/airflow/dags every 300 seconds
[2026-05-04T09:20:08.922+0000] {manager.py:738} INFO - Searching for files in /opt/airflow/dags
[2026-05-04T09:20:08.952+0000] {manager.py:741} INFO - There are 1 files in /opt/airflow/dags
[2026-05-04T09:20:09.109+0000] {manager.py:879} INFO - 
================================================================================
DAG File Processing Stats

File Path                       PID  Runtime      # DAGs    # Errors  Last Runtime    Last Run
----------------------------  -----  ---------  --------  ----------  --------------  ----------
/opt/airflow/dags/dbt_dag.py    167  0.08s             0           0
================================================================================
[2026-05-04T09:20:39.325+0000] {manager.py:879} INFO - 
================================================================================
DAG File Processing Stats

File Path                     PID    Runtime      # DAGs    # Errors  Last Runtime    Last Run
----------------------------  -----  ---------  --------  ----------  --------------  -------------------
/opt/airflow/dags/dbt_dag.py                           1           0  0.52s           2026-05-04T09:20:09
================================================================================
[2026-05-04T09:21:09.862+0000] {manager.py:879} INFO - 
================================================================================
DAG File Processing Stats

File Path                       PID  Runtime      # DAGs    # Errors  Last Runtime    Last Run
----------------------------  -----  ---------  --------  ----------  --------------  -------------------
/opt/airflow/dags/dbt_dag.py    178  0.00s             1           0  0.12s           2026-05-04T09:20:39
================================================================================
[2026-05-04T09:21:40.106+0000] {manager.py:879} INFO - 
================================================================================
DAG File Processing Stats

File Path                       PID  Runtime      # DAGs    # Errors  Last Runtime    Last Run
----------------------------  -----  ---------  --------  ----------  --------------  -------------------
/opt/airflow/dags/dbt_dag.py    183  0.01s             1           0  0.12s           2026-05-04T09:21:09
================================================================================
[2026-05-04T09:22:10.272+0000] {manager.py:879} INFO - 
================================================================================
DAG File Processing Stats

File Path                       PID  Runtime      # DAGs    # Errors  Last Runtime    Last Run
----------------------------  -----  ---------  --------  ----------  --------------  -------------------
/opt/airflow/dags/dbt_dag.py    188  0.01s             1           0  0.13s           2026-05-04T09:21:40
================================================================================
[2026-05-04T09:23:12.613+0000] {manager.py:469} INFO - Processing files using up to 2 processes at a time 
[2026-05-04T09:23:12.615+0000] {manager.py:470} INFO - Process each file at most once every 30 seconds
[2026-05-04T09:23:12.616+0000] {manager.py:471} INFO - Checking for new files in /opt/airflow/dags every 300 seconds
[2026-05-04T09:23:12.617+0000] {manager.py:738} INFO - Searching for files in /opt/airflow/dags
[2026-05-04T09:23:12.634+0000] {manager.py:741} INFO - There are 1 files in /opt/airflow/dags
[2026-05-04T09:23:12.751+0000] {manager.py:879} INFO - 
================================================================================
DAG File Processing Stats

File Path                       PID  Runtime      # DAGs    # Errors  Last Runtime    Last Run
----------------------------  -----  ---------  --------  ----------  --------------  ----------
/opt/airflow/dags/dbt_dag.py    168  0.06s             0           0
================================================================================
[2026-05-04T09:23:42.906+0000] {manager.py:879} INFO - 
================================================================================
DAG File Processing Stats

File Path                     PID    Runtime      # DAGs    # Errors  Last Runtime    Last Run
----------------------------  -----  ---------  --------  ----------  --------------  -------------------
/opt/airflow/dags/dbt_dag.py                           1           0  0.25s           2026-05-04T09:23:12
================================================================================
[2026-05-04T09:24:13.234+0000] {manager.py:879} INFO - 
================================================================================
DAG File Processing Stats

File Path                     PID    Runtime      # DAGs    # Errors  Last Runtime    Last Run
----------------------------  -----  ---------  --------  ----------  --------------  -------------------
/opt/airflow/dags/dbt_dag.py                           1           0  0.17s           2026-05-04T09:23:43
================================================================================
[2026-05-04T09:24:43.545+0000] {manager.py:879} INFO - 
================================================================================
DAG File Processing Stats

File Path                     PID    Runtime      # DAGs    # Errors  Last Runtime    Last Run
----------------------------  -----  ---------  --------  ----------  --------------  -------------------
/opt/airflow/dags/dbt_dag.py                           1           0  0.15s           2026-05-04T09:24:13
================================================================================
[2026-05-04T09:25:13.835+0000] {manager.py:879} INFO - 
================================================================================
DAG File Processing Stats

File Path                       PID  Runtime      # DAGs    # Errors  Last Runtime    Last Run
----------------------------  -----  ---------  --------  ----------  --------------  -------------------
/opt/airflow/dags/dbt_dag.py    233  0.00s             1           0  0.11s           2026-05-04T09:24:43
================================================================================
[2026-05-04T09:25:44.083+0000] {manager.py:879} INFO - 
================================================================================
DAG File Processing Stats

File Path                       PID  Runtime      # DAGs    # Errors  Last Runtime    Last Run
----------------------------  -----  ---------  --------  ----------  --------------  -------------------
/opt/airflow/dags/dbt_dag.py    246  0.00s             1           0  0.11s           2026-05-04T09:25:13
================================================================================
[2026-05-04T09:26:14.256+0000] {manager.py:879} INFO - 
================================================================================
DAG File Processing Stats

File Path                       PID  Runtime      # DAGs    # Errors  Last Runtime    Last Run
----------------------------  -----  ---------  --------  ----------  --------------  -------------------
/opt/airflow/dags/dbt_dag.py    251  0.00s             1           0  0.10s           2026-05-04T09:25:44
================================================================================
[2026-05-04T09:26:44.501+0000] {manager.py:879} INFO - 
================================================================================
DAG File Processing Stats

File Path                       PID  Runtime      # DAGs    # Errors  Last Runtime    Last Run
----------------------------  -----  ---------  --------  ----------  --------------  -------------------
/opt/airflow/dags/dbt_dag.py    256  0.01s             1           0  0.13s           2026-05-04T09:26:14
================================================================================
[2026-05-04T09:27:14.740+0000] {manager.py:879} INFO - 
================================================================================
DAG File Processing Stats

File Path                       PID  Runtime      # DAGs    # Errors  Last Runtime    Last Run
----------------------------  -----  ---------  --------  ----------  --------------  -------------------
/opt/airflow/dags/dbt_dag.py    267  0.00s             1           0  0.22s           2026-05-04T09:26:44
================================================================================
[2026-05-04T09:28:05.000+0000] {manager.py:469} INFO - Processing files using up to 2 processes at a time 
[2026-05-04T09:28:05.003+0000] {manager.py:470} INFO - Process each file at most once every 30 seconds
[2026-05-04T09:28:05.004+0000] {manager.py:471} INFO - Checking for new files in /opt/airflow/dags every 300 seconds
[2026-05-04T09:28:05.005+0000] {manager.py:738} INFO - Searching for files in /opt/airflow/dags
[2026-05-04T09:28:05.023+0000] {manager.py:741} INFO - There are 1 files in /opt/airflow/dags
[2026-05-04T09:28:05.134+0000] {manager.py:879} INFO - 
================================================================================
DAG File Processing Stats

File Path                       PID  Runtime      # DAGs    # Errors  Last Runtime    Last Run
----------------------------  -----  ---------  --------  ----------  --------------  ----------
/opt/airflow/dags/dbt_dag.py    167  0.05s             0           0
================================================================================
[2026-05-04T09:28:35.298+0000] {manager.py:879} INFO - 
================================================================================
DAG File Processing Stats

File Path                     PID    Runtime      # DAGs    # Errors  Last Runtime    Last Run
----------------------------  -----  ---------  --------  ----------  --------------  -------------------
/opt/airflow/dags/dbt_dag.py                           1           0  0.44s           2026-05-04T09:28:05
================================================================================
[2026-05-04T09:28:48.936+0000] {manager.py:451} INFO - Exiting gracefully upon receiving signal 15
[2026-05-04T09:29:27.447+0000] {manager.py:469} INFO - Processing files using up to 2 processes at a time 
[2026-05-04T09:29:27.449+0000] {manager.py:470} INFO - Process each file at most once every 30 seconds
[2026-05-04T09:29:27.450+0000] {manager.py:471} INFO - Checking for new files in /opt/airflow/dags every 300 seconds
[2026-05-04T09:29:27.451+0000] {manager.py:738} INFO - Searching for files in /opt/airflow/dags
[2026-05-04T09:29:27.474+0000] {manager.py:741} INFO - There are 1 files in /opt/airflow/dags
[2026-05-04T09:29:27.589+0000] {manager.py:879} INFO - 
================================================================================
DAG File Processing Stats

File Path                       PID  Runtime      # DAGs    # Errors  Last Runtime    Last Run
----------------------------  -----  ---------  --------  ----------  --------------  ----------
/opt/airflow/dags/dbt_dag.py    168  0.06s             0           0
================================================================================
[2026-05-04T09:29:57.764+0000] {manager.py:879} INFO - 
================================================================================
DAG File Processing Stats

File Path                     PID    Runtime      # DAGs    # Errors  Last Runtime    Last Run
----------------------------  -----  ---------  --------  ----------  --------------  -------------------
/opt/airflow/dags/dbt_dag.py                           1           0  0.41s           2026-05-04T09:29:27
================================================================================
[2026-05-04T09:30:28.310+0000] {manager.py:879} INFO - 
================================================================================
DAG File Processing Stats

File Path                     PID    Runtime      # DAGs    # Errors  Last Runtime    Last Run
----------------------------  -----  ---------  --------  ----------  --------------  -------------------
/opt/airflow/dags/dbt_dag.py                           1           0  0.27s           2026-05-04T09:29:58
================================================================================
[2026-05-04T09:30:58.737+0000] {manager.py:879} INFO - 
================================================================================
DAG File Processing Stats

File Path                     PID    Runtime      # DAGs    # Errors  Last Runtime    Last Run
----------------------------  -----  ---------  --------  ----------  --------------  -------------------
/opt/airflow/dags/dbt_dag.py                           1           0  0.40s           2026-05-04T09:30:28
================================================================================
[2026-05-04T09:31:29.303+0000] {manager.py:879} INFO - 
================================================================================
DAG File Processing Stats

File Path                       PID  Runtime      # DAGs    # Errors  Last Runtime    Last Run
----------------------------  -----  ---------  --------  ----------  --------------  -------------------
/opt/airflow/dags/dbt_dag.py    215  0.01s             1           0  0.14s           2026-05-04T09:30:59
================================================================================
[2026-05-04T09:31:59.577+0000] {manager.py:879} INFO - 
================================================================================
DAG File Processing Stats

File Path                       PID  Runtime      # DAGs    # Errors  Last Runtime    Last Run
----------------------------  -----  ---------  --------  ----------  --------------  -------------------
/opt/airflow/dags/dbt_dag.py    220  0.00s             1           0  0.16s           2026-05-04T09:31:29
================================================================================
[2026-05-04T09:32:29.762+0000] {manager.py:879} INFO - 
================================================================================
DAG File Processing Stats

File Path                       PID  Runtime      # DAGs    # Errors  Last Runtime    Last Run
----------------------------  -----  ---------  --------  ----------  --------------  -------------------
/opt/airflow/dags/dbt_dag.py    252  0.00s             1           0  0.13s           2026-05-04T09:31:59
================================================================================
[2026-05-04T09:33:00.036+0000] {manager.py:879} INFO - 
================================================================================
DAG File Processing Stats

File Path                       PID  Runtime      # DAGs    # Errors  Last Runtime    Last Run
----------------------------  -----  ---------  --------  ----------  --------------  -------------------
/opt/airflow/dags/dbt_dag.py    257  0.00s             1           0  0.11s           2026-05-04T09:32:29
================================================================================
[2026-05-04T09:33:30.206+0000] {manager.py:879} INFO - 
================================================================================
DAG File Processing Stats

File Path                       PID  Runtime      # DAGs    # Errors  Last Runtime    Last Run
----------------------------  -----  ---------  --------  ----------  --------------  -------------------
/opt/airflow/dags/dbt_dag.py    262  0.00s             1           0  0.11s           2026-05-04T09:33:00
================================================================================
[2026-05-04T09:34:00.450+0000] {manager.py:879} INFO - 
================================================================================
DAG File Processing Stats

File Path                       PID  Runtime      # DAGs    # Errors  Last Runtime    Last Run
----------------------------  -----  ---------  --------  ----------  --------------  -------------------
/opt/airflow/dags/dbt_dag.py    267  0.00s             1           0  0.12s           2026-05-04T09:33:30
================================================================================
[2026-05-04T09:34:27.605+0000] {manager.py:738} INFO - Searching for files in /opt/airflow/dags
[2026-05-04T09:34:27.620+0000] {manager.py:741} INFO - There are 1 files in /opt/airflow/dags
[2026-05-04T09:34:30.658+0000] {manager.py:879} INFO - 
================================================================================
DAG File Processing Stats

File Path                       PID  Runtime      # DAGs    # Errors  Last Runtime    Last Run
----------------------------  -----  ---------  --------  ----------  --------------  -------------------
/opt/airflow/dags/dbt_dag.py    272  0.01s             1           0  0.11s           2026-05-04T09:34:00
================================================================================
[2026-05-04T09:35:00.880+0000] {manager.py:879} INFO - 
================================================================================
DAG File Processing Stats

File Path                       PID  Runtime      # DAGs    # Errors  Last Runtime    Last Run
----------------------------  -----  ---------  --------  ----------  --------------  -------------------
/opt/airflow/dags/dbt_dag.py    277  0.00s             1           0  0.11s           2026-05-04T09:34:30
================================================================================
