[2026-05-04T09:26:58.365+0000] {taskinstance.py:1956} INFO - Dependencies all met for dep_context=non-requeueable deps ti=<TaskInstance: dbt_pipeline.dbt_debug manual__2026-05-04T09:26:56.233346+00:00 [queued]>
[2026-05-04T09:26:58.375+0000] {taskinstance.py:1956} INFO - Dependencies all met for dep_context=requeueable deps ti=<TaskInstance: dbt_pipeline.dbt_debug manual__2026-05-04T09:26:56.233346+00:00 [queued]>
[2026-05-04T09:26:58.376+0000] {taskinstance.py:2170} INFO - Starting attempt 1 of 2
[2026-05-04T09:26:58.401+0000] {taskinstance.py:2191} INFO - Executing <Task(BashOperator): dbt_debug> on 2026-05-04 09:26:56.233346+00:00
[2026-05-04T09:26:58.435+0000] {standard_task_runner.py:60} INFO - Started process 262 to run task
[2026-05-04T09:26:58.452+0000] {standard_task_runner.py:87} INFO - Running: ['***', 'tasks', 'run', 'dbt_pipeline', 'dbt_debug', 'manual__2026-05-04T09:26:56.233346+00:00', '--job-id', '39', '--raw', '--subdir', 'DAGS_FOLDER/dbt_dag.py', '--cfg-path', '/tmp/tmp_8zyz36y']
[2026-05-04T09:26:58.464+0000] {standard_task_runner.py:88} INFO - Job 39: Subtask dbt_debug
[2026-05-04T09:26:58.597+0000] {task_command.py:423} INFO - Running <TaskInstance: dbt_pipeline.dbt_debug manual__2026-05-04T09:26:56.233346+00:00 [running]> on host e91934d248c7
[2026-05-04T09:26:58.725+0000] {taskinstance.py:2480} INFO - Exporting env vars: AIRFLOW_CTX_DAG_OWNER='***' AIRFLOW_CTX_DAG_ID='dbt_pipeline' AIRFLOW_CTX_TASK_ID='dbt_debug' AIRFLOW_CTX_EXECUTION_DATE='2026-05-04T09:26:56.233346+00:00' AIRFLOW_CTX_TRY_NUMBER='1' AIRFLOW_CTX_DAG_RUN_ID='manual__2026-05-04T09:26:56.233346+00:00'
[2026-05-04T09:26:58.727+0000] {subprocess.py:63} INFO - Tmp dir root location: /tmp
[2026-05-04T09:26:58.729+0000] {subprocess.py:75} INFO - Running command: ['/usr/bin/bash', '-c', 'cd /opt/***/transform && /opt/***/dbt_venv/bin/dbt debug --profiles-dir .']
[2026-05-04T09:26:58.750+0000] {subprocess.py:86} INFO - Output:
[2026-05-04T09:27:01.237+0000] {subprocess.py:93} INFO - [0m09:27:01  Running with dbt=1.11.8
[2026-05-04T09:27:01.254+0000] {subprocess.py:93} INFO - [0m09:27:01  dbt version: 1.11.8
[2026-05-04T09:27:01.256+0000] {subprocess.py:93} INFO - [0m09:27:01  python version: 3.11.8
[2026-05-04T09:27:01.258+0000] {subprocess.py:93} INFO - [0m09:27:01  python path: /opt/***/dbt_venv/bin/python
[2026-05-04T09:27:01.260+0000] {subprocess.py:93} INFO - [0m09:27:01  os info: Linux-6.6.87.2-microsoft-standard-WSL2-x86_64-with-glibc2.36
[2026-05-04T09:27:01.356+0000] {subprocess.py:93} INFO - [0m09:27:01  Using profiles dir at .
[2026-05-04T09:27:01.358+0000] {subprocess.py:93} INFO - [0m09:27:01  Using profiles.yml file at ./profiles.yml
[2026-05-04T09:27:01.359+0000] {subprocess.py:93} INFO - [0m09:27:01  Using dbt_project.yml file at /opt/***/transform/dbt_project.yml
[2026-05-04T09:27:01.361+0000] {subprocess.py:93} INFO - [0m09:27:01  adapter type: clickhouse
[2026-05-04T09:27:01.366+0000] {subprocess.py:93} INFO - [0m09:27:01  adapter version: 1.10.0
[2026-05-04T09:27:01.501+0000] {subprocess.py:93} INFO - [0m09:27:01  Configuration:
[2026-05-04T09:27:01.502+0000] {subprocess.py:93} INFO - [0m09:27:01    profiles.yml file [[32mOK found and valid[0m]
[2026-05-04T09:27:01.504+0000] {subprocess.py:93} INFO - [0m09:27:01    dbt_project.yml file [[32mOK found and valid[0m]
[2026-05-04T09:27:01.505+0000] {subprocess.py:93} INFO - [0m09:27:01  Required dependencies:
[2026-05-04T09:27:01.508+0000] {subprocess.py:93} INFO - [0m09:27:01   - git [[31mERROR[0m]
[2026-05-04T09:27:01.509+0000] {subprocess.py:93} INFO - 
[2026-05-04T09:27:01.509+0000] {subprocess.py:93} INFO - [0m09:27:01  Connection:
[2026-05-04T09:27:01.510+0000] {subprocess.py:93} INFO - [0m09:27:01    driver: None
[2026-05-04T09:27:01.511+0000] {subprocess.py:93} INFO - [0m09:27:01    host: clickhouse
[2026-05-04T09:27:01.512+0000] {subprocess.py:93} INFO - [0m09:27:01    port: 8123
[2026-05-04T09:27:01.513+0000] {subprocess.py:93} INFO - [0m09:27:01    user: default
[2026-05-04T09:27:01.514+0000] {subprocess.py:93} INFO - [0m09:27:01    schema: marketing_analytics
[2026-05-04T09:27:01.515+0000] {subprocess.py:93} INFO - [0m09:27:01    retries: 1
[2026-05-04T09:27:01.515+0000] {subprocess.py:93} INFO - [0m09:27:01    cluster: None
[2026-05-04T09:27:01.516+0000] {subprocess.py:93} INFO - [0m09:27:01    database_engine: None
[2026-05-04T09:27:01.517+0000] {subprocess.py:93} INFO - [0m09:27:01    cluster_mode: False
[2026-05-04T09:27:01.518+0000] {subprocess.py:93} INFO - [0m09:27:01    secure: False
[2026-05-04T09:27:01.519+0000] {subprocess.py:93} INFO - [0m09:27:01    verify: False
[2026-05-04T09:27:01.520+0000] {subprocess.py:93} INFO - [0m09:27:01    client_cert: None
[2026-05-04T09:27:01.522+0000] {subprocess.py:93} INFO - [0m09:27:01    client_cert_key: None
[2026-05-04T09:27:01.523+0000] {subprocess.py:93} INFO - [0m09:27:01    connect_timeout: 10
[2026-05-04T09:27:01.524+0000] {subprocess.py:93} INFO - [0m09:27:01    send_receive_timeout: 300
[2026-05-04T09:27:01.525+0000] {subprocess.py:93} INFO - [0m09:27:01    sync_request_timeout: 5
[2026-05-04T09:27:01.526+0000] {subprocess.py:93} INFO - [0m09:27:01    compress_block_size: 1048576
[2026-05-04T09:27:01.527+0000] {subprocess.py:93} INFO - [0m09:27:01    compression:
[2026-05-04T09:27:01.528+0000] {subprocess.py:93} INFO - [0m09:27:01    check_exchange: True
[2026-05-04T09:27:01.529+0000] {subprocess.py:93} INFO - [0m09:27:01    custom_settings: None
[2026-05-04T09:27:01.530+0000] {subprocess.py:93} INFO - [0m09:27:01    use_lw_deletes: False
[2026-05-04T09:27:01.530+0000] {subprocess.py:93} INFO - [0m09:27:01    allow_automatic_deduplication: False
[2026-05-04T09:27:01.531+0000] {subprocess.py:93} INFO - [0m09:27:01    tcp_keepalive: False
[2026-05-04T09:27:01.533+0000] {subprocess.py:93} INFO - [0m09:27:01  Registered adapter: clickhouse=1.10.0
[2026-05-04T09:27:01.759+0000] {subprocess.py:93} INFO - [0m09:27:01    Connection test: [[32mOK connection ok[0m]
[2026-05-04T09:27:01.760+0000] {subprocess.py:93} INFO - 
[2026-05-04T09:27:01.760+0000] {subprocess.py:93} INFO - [0m09:27:01  [31m1 check failed:[0m
[2026-05-04T09:27:01.761+0000] {subprocess.py:93} INFO - [0m09:27:01  Error from git --help: User does not have permissions for this command: "git"
[2026-05-04T09:27:01.762+0000] {subprocess.py:93} INFO - 
[2026-05-04T09:27:03.221+0000] {subprocess.py:97} INFO - Command exited with return code 1
[2026-05-04T09:27:03.233+0000] {taskinstance.py:2698} ERROR - Task failed with exception
Traceback (most recent call last):
  File "/home/airflow/.local/lib/python3.11/site-packages/airflow/models/taskinstance.py", line 433, in _execute_task
    result = execute_callable(context=context, **execute_callable_kwargs)
             ^^^^^^^^^^^^^^^^^^^^^^^^^^^^^^^^^^^^^^^^^^^^^^^^^^^^^^^^^^^^
  File "/home/airflow/.local/lib/python3.11/site-packages/airflow/operators/bash.py", line 212, in execute
    raise AirflowException(
airflow.exceptions.AirflowException: Bash command failed. The command returned a non-zero exit code 1.
[2026-05-04T09:27:03.238+0000] {taskinstance.py:1138} INFO - Marking task as UP_FOR_RETRY. dag_id=dbt_pipeline, task_id=dbt_debug, execution_date=20260504T092656, start_date=20260504T092658, end_date=20260504T092703
[2026-05-04T09:27:03.252+0000] {standard_task_runner.py:107} ERROR - Failed to execute job 39 for task dbt_debug (Bash command failed. The command returned a non-zero exit code 1.; 262)
[2026-05-04T09:27:03.286+0000] {local_task_job_runner.py:234} INFO - Task exited with return code 1
[2026-05-04T09:27:03.311+0000] {taskinstance.py:3280} INFO - 0 downstream tasks scheduled from follow-on schedule check
