[2026-05-04T09:32:04.450+0000] {taskinstance.py:1956} INFO - Dependencies all met for dep_context=non-requeueable deps ti=<TaskInstance: dbt_pipeline.dbt_debug manual__2026-05-04T09:26:56.233346+00:00 [queued]>
[2026-05-04T09:32:04.458+0000] {taskinstance.py:1956} INFO - Dependencies all met for dep_context=requeueable deps ti=<TaskInstance: dbt_pipeline.dbt_debug manual__2026-05-04T09:26:56.233346+00:00 [queued]>
[2026-05-04T09:32:04.459+0000] {taskinstance.py:2170} INFO - Starting attempt 2 of 2
[2026-05-04T09:32:04.475+0000] {taskinstance.py:2191} INFO - Executing <Task(BashOperator): dbt_debug> on 2026-05-04 09:26:56.233346+00:00
[2026-05-04T09:32:04.480+0000] {standard_task_runner.py:60} INFO - Started process 226 to run task
[2026-05-04T09:32:04.484+0000] {standard_task_runner.py:87} INFO - Running: ['***', 'tasks', 'run', 'dbt_pipeline', 'dbt_debug', 'manual__2026-05-04T09:26:56.233346+00:00', '--job-id', '45', '--raw', '--subdir', 'DAGS_FOLDER/dbt_dag.py', '--cfg-path', '/tmp/tmpp7_ydwye']
[2026-05-04T09:32:04.487+0000] {standard_task_runner.py:88} INFO - Job 45: Subtask dbt_debug
[2026-05-04T09:32:04.550+0000] {task_command.py:423} INFO - Running <TaskInstance: dbt_pipeline.dbt_debug manual__2026-05-04T09:26:56.233346+00:00 [running]> on host b3e120de763a
[2026-05-04T09:32:04.626+0000] {taskinstance.py:2480} INFO - Exporting env vars: AIRFLOW_CTX_DAG_OWNER='***' AIRFLOW_CTX_DAG_ID='dbt_pipeline' AIRFLOW_CTX_TASK_ID='dbt_debug' AIRFLOW_CTX_EXECUTION_DATE='2026-05-04T09:26:56.233346+00:00' AIRFLOW_CTX_TRY_NUMBER='2' AIRFLOW_CTX_DAG_RUN_ID='manual__2026-05-04T09:26:56.233346+00:00'
[2026-05-04T09:32:04.627+0000] {subprocess.py:63} INFO - Tmp dir root location: /tmp
[2026-05-04T09:32:04.628+0000] {subprocess.py:75} INFO - Running command: ['/usr/bin/bash', '-c', 'cd /opt/***/transform && /opt/***/dbt_venv/bin/dbt debug --profiles-dir .']
[2026-05-04T09:32:04.636+0000] {subprocess.py:86} INFO - Output:
[2026-05-04T09:32:06.112+0000] {subprocess.py:93} INFO - [0m09:32:06  Running with dbt=1.11.8
[2026-05-04T09:32:06.130+0000] {subprocess.py:93} INFO - [0m09:32:06  dbt version: 1.11.8
[2026-05-04T09:32:06.132+0000] {subprocess.py:93} INFO - [0m09:32:06  python version: 3.11.8
[2026-05-04T09:32:06.133+0000] {subprocess.py:93} INFO - [0m09:32:06  python path: /opt/***/dbt_venv/bin/python
[2026-05-04T09:32:06.136+0000] {subprocess.py:93} INFO - [0m09:32:06  os info: Linux-6.6.87.2-microsoft-standard-WSL2-x86_64-with-glibc2.36
[2026-05-04T09:32:06.230+0000] {subprocess.py:93} INFO - [0m09:32:06  Using profiles dir at .
[2026-05-04T09:32:06.231+0000] {subprocess.py:93} INFO - [0m09:32:06  Using profiles.yml file at ./profiles.yml
[2026-05-04T09:32:06.233+0000] {subprocess.py:93} INFO - [0m09:32:06  Using dbt_project.yml file at /opt/***/transform/dbt_project.yml
[2026-05-04T09:32:06.234+0000] {subprocess.py:93} INFO - [0m09:32:06  adapter type: clickhouse
[2026-05-04T09:32:06.235+0000] {subprocess.py:93} INFO - [0m09:32:06  adapter version: 1.10.0
[2026-05-04T09:32:06.334+0000] {subprocess.py:93} INFO - [0m09:32:06  Configuration:
[2026-05-04T09:32:06.336+0000] {subprocess.py:93} INFO - [0m09:32:06    profiles.yml file [[32mOK found and valid[0m]
[2026-05-04T09:32:06.338+0000] {subprocess.py:93} INFO - [0m09:32:06    dbt_project.yml file [[32mOK found and valid[0m]
[2026-05-04T09:32:06.338+0000] {subprocess.py:93} INFO - [0m09:32:06  Required dependencies:
[2026-05-04T09:32:06.344+0000] {subprocess.py:93} INFO - [0m09:32:06   - git [[32mOK found[0m]
[2026-05-04T09:32:06.345+0000] {subprocess.py:93} INFO - 
[2026-05-04T09:32:06.345+0000] {subprocess.py:93} INFO - [0m09:32:06  Connection:
[2026-05-04T09:32:06.346+0000] {subprocess.py:93} INFO - [0m09:32:06    driver: None
[2026-05-04T09:32:06.347+0000] {subprocess.py:93} INFO - [0m09:32:06    host: clickhouse
[2026-05-04T09:32:06.347+0000] {subprocess.py:93} INFO - [0m09:32:06    port: 8123
[2026-05-04T09:32:06.348+0000] {subprocess.py:93} INFO - [0m09:32:06    user: default
[2026-05-04T09:32:06.349+0000] {subprocess.py:93} INFO - [0m09:32:06    schema: marketing_analytics
[2026-05-04T09:32:06.350+0000] {subprocess.py:93} INFO - [0m09:32:06    retries: 1
[2026-05-04T09:32:06.351+0000] {subprocess.py:93} INFO - [0m09:32:06    cluster: None
[2026-05-04T09:32:06.351+0000] {subprocess.py:93} INFO - [0m09:32:06    database_engine: None
[2026-05-04T09:32:06.352+0000] {subprocess.py:93} INFO - [0m09:32:06    cluster_mode: False
[2026-05-04T09:32:06.353+0000] {subprocess.py:93} INFO - [0m09:32:06    secure: False
[2026-05-04T09:32:06.353+0000] {subprocess.py:93} INFO - [0m09:32:06    verify: False
[2026-05-04T09:32:06.354+0000] {subprocess.py:93} INFO - [0m09:32:06    client_cert: None
[2026-05-04T09:32:06.355+0000] {subprocess.py:93} INFO - [0m09:32:06    client_cert_key: None
[2026-05-04T09:32:06.356+0000] {subprocess.py:93} INFO - [0m09:32:06    connect_timeout: 10
[2026-05-04T09:32:06.357+0000] {subprocess.py:93} INFO - [0m09:32:06    send_receive_timeout: 300
[2026-05-04T09:32:06.358+0000] {subprocess.py:93} INFO - [0m09:32:06    sync_request_timeout: 5
[2026-05-04T09:32:06.359+0000] {subprocess.py:93} INFO - [0m09:32:06    compress_block_size: 1048576
[2026-05-04T09:32:06.359+0000] {subprocess.py:93} INFO - [0m09:32:06    compression:
[2026-05-04T09:32:06.360+0000] {subprocess.py:93} INFO - [0m09:32:06    check_exchange: True
[2026-05-04T09:32:06.362+0000] {subprocess.py:93} INFO - [0m09:32:06    custom_settings: None
[2026-05-04T09:32:06.363+0000] {subprocess.py:93} INFO - [0m09:32:06    use_lw_deletes: False
[2026-05-04T09:32:06.363+0000] {subprocess.py:93} INFO - [0m09:32:06    allow_automatic_deduplication: False
[2026-05-04T09:32:06.364+0000] {subprocess.py:93} INFO - [0m09:32:06    tcp_keepalive: False
[2026-05-04T09:32:06.365+0000] {subprocess.py:93} INFO - [0m09:32:06  Registered adapter: clickhouse=1.10.0
[2026-05-04T09:32:06.519+0000] {subprocess.py:93} INFO - [0m09:32:06    Connection test: [[32mOK connection ok[0m]
[2026-05-04T09:32:06.520+0000] {subprocess.py:93} INFO - 
[2026-05-04T09:32:06.521+0000] {subprocess.py:93} INFO - [0m09:32:06  [32mAll checks passed![0m
[2026-05-04T09:32:07.859+0000] {subprocess.py:97} INFO - Command exited with return code 0
[2026-05-04T09:32:07.892+0000] {taskinstance.py:1138} INFO - Marking task as SUCCESS. dag_id=dbt_pipeline, task_id=dbt_debug, execution_date=20260504T092656, start_date=20260504T093204, end_date=20260504T093207
[2026-05-04T09:32:07.908+0000] {local_task_job_runner.py:234} INFO - Task exited with return code 0
[2026-05-04T09:32:07.929+0000] {taskinstance.py:3280} INFO - 1 downstream tasks scheduled from follow-on schedule check
