[2026-05-04T09:32:08.472+0000] {taskinstance.py:1956} INFO - Dependencies all met for dep_context=non-requeueable deps ti=<TaskInstance: dbt_pipeline.dbt_run manual__2026-05-04T09:26:56.233346+00:00 [queued]>
[2026-05-04T09:32:08.480+0000] {taskinstance.py:1956} INFO - Dependencies all met for dep_context=requeueable deps ti=<TaskInstance: dbt_pipeline.dbt_run manual__2026-05-04T09:26:56.233346+00:00 [queued]>
[2026-05-04T09:32:08.481+0000] {taskinstance.py:2170} INFO - Starting attempt 1 of 2
[2026-05-04T09:32:08.495+0000] {taskinstance.py:2191} INFO - Executing <Task(BashOperator): dbt_run> on 2026-05-04 09:26:56.233346+00:00
[2026-05-04T09:32:08.506+0000] {standard_task_runner.py:60} INFO - Started process 232 to run task
[2026-05-04T09:32:08.511+0000] {standard_task_runner.py:87} INFO - Running: ['***', 'tasks', 'run', 'dbt_pipeline', 'dbt_run', 'manual__2026-05-04T09:26:56.233346+00:00', '--job-id', '46', '--raw', '--subdir', 'DAGS_FOLDER/dbt_dag.py', '--cfg-path', '/tmp/tmp5dqf5pjl']
[2026-05-04T09:32:08.515+0000] {standard_task_runner.py:88} INFO - Job 46: Subtask dbt_run
[2026-05-04T09:32:08.601+0000] {task_command.py:423} INFO - Running <TaskInstance: dbt_pipeline.dbt_run manual__2026-05-04T09:26:56.233346+00:00 [running]> on host b3e120de763a
[2026-05-04T09:32:08.833+0000] {taskinstance.py:2480} INFO - Exporting env vars: AIRFLOW_CTX_DAG_OWNER='***' AIRFLOW_CTX_DAG_ID='dbt_pipeline' AIRFLOW_CTX_TASK_ID='dbt_run' AIRFLOW_CTX_EXECUTION_DATE='2026-05-04T09:26:56.233346+00:00' AIRFLOW_CTX_TRY_NUMBER='1' AIRFLOW_CTX_DAG_RUN_ID='manual__2026-05-04T09:26:56.233346+00:00'
[2026-05-04T09:32:08.834+0000] {subprocess.py:63} INFO - Tmp dir root location: /tmp
[2026-05-04T09:32:08.835+0000] {subprocess.py:75} INFO - Running command: ['/usr/bin/bash', '-c', 'cd /opt/***/transform && /opt/***/dbt_venv/bin/dbt run --profiles-dir .']
[2026-05-04T09:32:08.845+0000] {subprocess.py:86} INFO - Output:
[2026-05-04T09:32:10.237+0000] {subprocess.py:93} INFO - [0m09:32:10  Running with dbt=1.11.8
[2026-05-04T09:32:10.440+0000] {subprocess.py:93} INFO - [0m09:32:10  Registered adapter: clickhouse=1.10.0
[2026-05-04T09:32:11.336+0000] {subprocess.py:93} INFO - [0m09:32:11  Found 12 models, 1 seed, 13 data tests, 8 sources, 637 macros
[2026-05-04T09:32:11.342+0000] {subprocess.py:93} INFO - [0m09:32:11
[2026-05-04T09:32:11.344+0000] {subprocess.py:93} INFO - [0m09:32:11  Concurrency: 1 threads (target='dev')
[2026-05-04T09:32:11.345+0000] {subprocess.py:93} INFO - [0m09:32:11
[2026-05-04T09:32:11.593+0000] {subprocess.py:93} INFO - [0m09:32:11  1 of 12 START sql incremental model `marketing_analytics_gold`.`dim_fb_accounts`  [RUN]
[2026-05-04T09:32:11.869+0000] {subprocess.py:93} INFO - [0m09:32:11  1 of 12 OK created sql incremental model `marketing_analytics_gold`.`dim_fb_accounts`  [[32mOK[0m in 0.27s]
[2026-05-04T09:32:11.872+0000] {subprocess.py:93} INFO - [0m09:32:11  2 of 12 START sql incremental model `marketing_analytics_gold`.`dim_fb_ads` .... [RUN]
[2026-05-04T09:32:12.023+0000] {subprocess.py:93} INFO - [0m09:32:12  2 of 12 OK created sql incremental model `marketing_analytics_gold`.`dim_fb_ads`  [[32mOK[0m in 0.15s]
[2026-05-04T09:32:12.027+0000] {subprocess.py:93} INFO - [0m09:32:12  3 of 12 START sql incremental model `marketing_analytics_gold`.`dim_fb_campaigns`  [RUN]
[2026-05-04T09:32:12.176+0000] {subprocess.py:93} INFO - [0m09:32:12  3 of 12 OK created sql incremental model `marketing_analytics_gold`.`dim_fb_campaigns`  [[32mOK[0m in 0.15s]
[2026-05-04T09:32:12.179+0000] {subprocess.py:93} INFO - [0m09:32:12  4 of 12 START sql incremental model `marketing_analytics_gold`.`dim_fb_regions`  [RUN]
[2026-05-04T09:32:12.324+0000] {subprocess.py:93} INFO - [0m09:32:12  4 of 12 OK created sql incremental model `marketing_analytics_gold`.`dim_fb_regions`  [[32mOK[0m in 0.14s]
[2026-05-04T09:32:12.327+0000] {subprocess.py:93} INFO - [0m09:32:12  5 of 12 START sql incremental model `marketing_analytics_gold`.`fact_ad_location_daily`  [RUN]
[2026-05-04T09:32:12.469+0000] {subprocess.py:93} INFO - [0m09:32:12  5 of 12 OK created sql incremental model `marketing_analytics_gold`.`fact_ad_location_daily`  [[32mOK[0m in 0.14s]
[2026-05-04T09:32:12.473+0000] {subprocess.py:93} INFO - [0m09:32:12  6 of 12 START sql incremental model `marketing_analytics_gold`.`fact_fb_campaigns`  [RUN]
[2026-05-04T09:32:12.629+0000] {subprocess.py:93} INFO - [0m09:32:12  6 of 12 OK created sql incremental model `marketing_analytics_gold`.`fact_fb_campaigns`  [[32mOK[0m in 0.15s]
[2026-05-04T09:32:12.632+0000] {subprocess.py:93} INFO - [0m09:32:12  7 of 12 START sql incremental model `marketing_analytics_silver`.`flatten_fb_campaign_actions`  [RUN]
[2026-05-04T09:32:12.769+0000] {subprocess.py:93} INFO - [0m09:32:12  7 of 12 OK created sql incremental model `marketing_analytics_silver`.`flatten_fb_campaign_actions`  [[32mOK[0m in 0.13s]
[2026-05-04T09:32:12.772+0000] {subprocess.py:93} INFO - [0m09:32:12  8 of 12 START sql incremental model `marketing_analytics_silver`.`stg_fb_ad_daily`  [RUN]
[2026-05-04T09:32:12.935+0000] {subprocess.py:93} INFO - [0m09:32:12  8 of 12 OK created sql incremental model `marketing_analytics_silver`.`stg_fb_ad_daily`  [[32mOK[0m in 0.16s]
[2026-05-04T09:32:12.937+0000] {subprocess.py:93} INFO - [0m09:32:12  9 of 12 START sql incremental model `marketing_analytics_silver`.`stg_fb_ad_daily_location`  [RUN]
[2026-05-04T09:32:13.128+0000] {subprocess.py:93} INFO - [0m09:32:13  9 of 12 OK created sql incremental model `marketing_analytics_silver`.`stg_fb_ad_daily_location`  [[32mOK[0m in 0.19s]
[2026-05-04T09:32:13.131+0000] {subprocess.py:93} INFO - [0m09:32:13  10 of 12 START sql incremental model `marketing_analytics_silver`.`stg_fb_ad_metadata`  [RUN]
[2026-05-04T09:32:13.270+0000] {subprocess.py:93} INFO - [0m09:32:13  10 of 12 OK created sql incremental model `marketing_analytics_silver`.`stg_fb_ad_metadata`  [[32mOK[0m in 0.14s]
[2026-05-04T09:32:13.273+0000] {subprocess.py:93} INFO - [0m09:32:13  11 of 12 START sql incremental model `marketing_analytics_silver`.`stg_fb_campaign_daily`  [RUN]
[2026-05-04T09:32:13.439+0000] {subprocess.py:93} INFO - [0m09:32:13  11 of 12 OK created sql incremental model `marketing_analytics_silver`.`stg_fb_campaign_daily`  [[32mOK[0m in 0.16s]
[2026-05-04T09:32:13.442+0000] {subprocess.py:93} INFO - [0m09:32:13  12 of 12 START sql view model `marketing_analytics`.`test_source` .............. [RUN]
[2026-05-04T09:32:13.520+0000] {subprocess.py:93} INFO - [0m09:32:13  12 of 12 OK created sql view model `marketing_analytics`.`test_source` ......... [[32mOK[0m in 0.08s]
[2026-05-04T09:32:13.526+0000] {subprocess.py:93} INFO - [0m09:32:13
[2026-05-04T09:32:13.527+0000] {subprocess.py:93} INFO - [0m09:32:13  Finished running 11 incremental models, 1 view model in 0 hours 0 minutes and 2.18 seconds (2.18s).
[2026-05-04T09:32:13.708+0000] {subprocess.py:93} INFO - [0m09:32:13
[2026-05-04T09:32:13.709+0000] {subprocess.py:93} INFO - [0m09:32:13  [32mCompleted successfully[0m
[2026-05-04T09:32:13.710+0000] {subprocess.py:93} INFO - [0m09:32:13
[2026-05-04T09:32:13.712+0000] {subprocess.py:93} INFO - [0m09:32:13  Done. PASS=12 WARN=0 ERROR=0 SKIP=0 NO-OP=0 TOTAL=12
[2026-05-04T09:32:15.166+0000] {subprocess.py:97} INFO - Command exited with return code 0
[2026-05-04T09:32:15.186+0000] {taskinstance.py:1138} INFO - Marking task as SUCCESS. dag_id=dbt_pipeline, task_id=dbt_run, execution_date=20260504T092656, start_date=20260504T093208, end_date=20260504T093215
[2026-05-04T09:32:15.227+0000] {local_task_job_runner.py:234} INFO - Task exited with return code 0
[2026-05-04T09:32:15.243+0000] {taskinstance.py:3280} INFO - 1 downstream tasks scheduled from follow-on schedule check
