[2026-05-04T09:18:34.997+0000] {taskinstance.py:1956} INFO - Dependencies all met for dep_context=non-requeueable deps ti=<TaskInstance: dbt_pipeline.dbt_debug scheduled__2026-05-03T00:00:00+00:00 [queued]>
[2026-05-04T09:18:35.007+0000] {taskinstance.py:1956} INFO - Dependencies all met for dep_context=requeueable deps ti=<TaskInstance: dbt_pipeline.dbt_debug scheduled__2026-05-03T00:00:00+00:00 [queued]>
[2026-05-04T09:18:35.007+0000] {taskinstance.py:2170} INFO - Starting attempt 1 of 2
[2026-05-04T09:18:35.021+0000] {taskinstance.py:2191} INFO - Executing <Task(BashOperator): dbt_debug> on 2026-05-03 00:00:00+00:00
[2026-05-04T09:18:35.030+0000] {standard_task_runner.py:60} INFO - Started process 210 to run task
[2026-05-04T09:18:35.034+0000] {standard_task_runner.py:87} INFO - Running: ['***', 'tasks', 'run', 'dbt_pipeline', 'dbt_debug', 'scheduled__2026-05-03T00:00:00+00:00', '--job-id', '4', '--raw', '--subdir', 'DAGS_FOLDER/dbt_dag.py', '--cfg-path', '/tmp/tmpoup5bs35']
[2026-05-04T09:18:35.038+0000] {standard_task_runner.py:88} INFO - Job 4: Subtask dbt_debug
[2026-05-04T09:18:35.176+0000] {task_command.py:423} INFO - Running <TaskInstance: dbt_pipeline.dbt_debug scheduled__2026-05-03T00:00:00+00:00 [running]> on host 2ffd58e61e4e
[2026-05-04T09:18:35.299+0000] {taskinstance.py:2480} INFO - Exporting env vars: AIRFLOW_CTX_DAG_OWNER='***' AIRFLOW_CTX_DAG_ID='dbt_pipeline' AIRFLOW_CTX_TASK_ID='dbt_debug' AIRFLOW_CTX_EXECUTION_DATE='2026-05-03T00:00:00+00:00' AIRFLOW_CTX_TRY_NUMBER='1' AIRFLOW_CTX_DAG_RUN_ID='scheduled__2026-05-03T00:00:00+00:00'
[2026-05-04T09:18:35.302+0000] {subprocess.py:63} INFO - Tmp dir root location: /tmp
[2026-05-04T09:18:35.303+0000] {subprocess.py:75} INFO - Running command: ['/usr/bin/bash', '-c', 'cd /opt/***/transform && /opt/***/dbt_venv/bin/dbt debug --profiles-dir .']
[2026-05-04T09:18:35.321+0000] {subprocess.py:86} INFO - Output:
[2026-05-04T09:18:37.958+0000] {subprocess.py:93} INFO - [0m09:18:37  Running with dbt=1.11.8
[2026-05-04T09:18:37.978+0000] {subprocess.py:93} INFO - [0m09:18:37  dbt version: 1.11.8
[2026-05-04T09:18:37.979+0000] {subprocess.py:93} INFO - [0m09:18:37  python version: 3.11.8
[2026-05-04T09:18:37.980+0000] {subprocess.py:93} INFO - [0m09:18:37  python path: /opt/***/dbt_venv/bin/python
[2026-05-04T09:18:37.981+0000] {subprocess.py:93} INFO - [0m09:18:37  os info: Linux-6.6.87.2-microsoft-standard-WSL2-x86_64-with-glibc2.36
[2026-05-04T09:18:38.045+0000] {subprocess.py:93} INFO - [0m09:18:38  Using profiles dir at .
[2026-05-04T09:18:38.047+0000] {subprocess.py:93} INFO - [0m09:18:38  Using profiles.yml file at ./profiles.yml
[2026-05-04T09:18:38.048+0000] {subprocess.py:93} INFO - [0m09:18:38  Using dbt_project.yml file at /opt/***/transform/dbt_project.yml
[2026-05-04T09:18:38.050+0000] {subprocess.py:93} INFO - [0m09:18:38  adapter type: clickhouse
[2026-05-04T09:18:38.051+0000] {subprocess.py:93} INFO - [0m09:18:38  adapter version: 1.10.0
[2026-05-04T09:18:38.151+0000] {subprocess.py:93} INFO - [0m09:18:38  Configuration:
[2026-05-04T09:18:38.153+0000] {subprocess.py:93} INFO - [0m09:18:38    profiles.yml file [[32mOK found and valid[0m]
[2026-05-04T09:18:38.154+0000] {subprocess.py:93} INFO - [0m09:18:38    dbt_project.yml file [[32mOK found and valid[0m]
[2026-05-04T09:18:38.155+0000] {subprocess.py:93} INFO - [0m09:18:38  Required dependencies:
[2026-05-04T09:18:38.160+0000] {subprocess.py:93} INFO - [0m09:18:38   - git [[31mERROR[0m]
[2026-05-04T09:18:38.161+0000] {subprocess.py:93} INFO - 
[2026-05-04T09:18:38.161+0000] {subprocess.py:93} INFO - [0m09:18:38  Connection:
[2026-05-04T09:18:38.162+0000] {subprocess.py:93} INFO - [0m09:18:38    driver: None
[2026-05-04T09:18:38.163+0000] {subprocess.py:93} INFO - [0m09:18:38    host: clickhouse
[2026-05-04T09:18:38.164+0000] {subprocess.py:93} INFO - [0m09:18:38    port: 8123
[2026-05-04T09:18:38.166+0000] {subprocess.py:93} INFO - [0m09:18:38    user: default
[2026-05-04T09:18:38.166+0000] {subprocess.py:93} INFO - [0m09:18:38    schema: marketing_analytics
[2026-05-04T09:18:38.167+0000] {subprocess.py:93} INFO - [0m09:18:38    retries: 1
[2026-05-04T09:18:38.169+0000] {subprocess.py:93} INFO - [0m09:18:38    cluster: None
[2026-05-04T09:18:38.170+0000] {subprocess.py:93} INFO - [0m09:18:38    database_engine: None
[2026-05-04T09:18:38.171+0000] {subprocess.py:93} INFO - [0m09:18:38    cluster_mode: False
[2026-05-04T09:18:38.172+0000] {subprocess.py:93} INFO - [0m09:18:38    secure: False
[2026-05-04T09:18:38.173+0000] {subprocess.py:93} INFO - [0m09:18:38    verify: False
[2026-05-04T09:18:38.174+0000] {subprocess.py:93} INFO - [0m09:18:38    client_cert: None
[2026-05-04T09:18:38.175+0000] {subprocess.py:93} INFO - [0m09:18:38    client_cert_key: None
[2026-05-04T09:18:38.176+0000] {subprocess.py:93} INFO - [0m09:18:38    connect_timeout: 10
[2026-05-04T09:18:38.177+0000] {subprocess.py:93} INFO - [0m09:18:38    send_receive_timeout: 300
[2026-05-04T09:18:38.178+0000] {subprocess.py:93} INFO - [0m09:18:38    sync_request_timeout: 5
[2026-05-04T09:18:38.178+0000] {subprocess.py:93} INFO - [0m09:18:38    compress_block_size: 1048576
[2026-05-04T09:18:38.180+0000] {subprocess.py:93} INFO - [0m09:18:38    compression:
[2026-05-04T09:18:38.180+0000] {subprocess.py:93} INFO - [0m09:18:38    check_exchange: True
[2026-05-04T09:18:38.181+0000] {subprocess.py:93} INFO - [0m09:18:38    custom_settings: None
[2026-05-04T09:18:38.182+0000] {subprocess.py:93} INFO - [0m09:18:38    use_lw_deletes: False
[2026-05-04T09:18:38.183+0000] {subprocess.py:93} INFO - [0m09:18:38    allow_automatic_deduplication: False
[2026-05-04T09:18:38.184+0000] {subprocess.py:93} INFO - [0m09:18:38    tcp_keepalive: False
[2026-05-04T09:18:38.185+0000] {subprocess.py:93} INFO - [0m09:18:38  Registered adapter: clickhouse=1.10.0
[2026-05-04T09:18:38.361+0000] {subprocess.py:93} INFO - [0m09:18:38    Connection test: [[31mERROR[0m]
[2026-05-04T09:18:38.362+0000] {subprocess.py:93} INFO - 
[2026-05-04T09:18:38.363+0000] {subprocess.py:93} INFO - [0m09:18:38  [31m2 checks failed:[0m
[2026-05-04T09:18:38.364+0000] {subprocess.py:93} INFO - [0m09:18:38  Error from git --help: User does not have permissions for this command: "git"
[2026-05-04T09:18:38.364+0000] {subprocess.py:93} INFO - 
[2026-05-04T09:18:38.365+0000] {subprocess.py:93} INFO - [0m09:18:38  dbt was unable to connect to the specified database.
[2026-05-04T09:18:38.365+0000] {subprocess.py:93} INFO - The database returned the following error:
[2026-05-04T09:18:38.365+0000] {subprocess.py:93} INFO - 
[2026-05-04T09:18:38.365+0000] {subprocess.py:93} INFO -   >Database Error
[2026-05-04T09:18:38.366+0000] {subprocess.py:93} INFO -   Received ClickHouse exception, code: 194, server response: Code: 194. DB::Exception: default: Authentication failed: password is incorrect, or there is no user with such name
[2026-05-04T09:18:38.366+0000] {subprocess.py:93} INFO - 
[2026-05-04T09:18:38.366+0000] {subprocess.py:93} INFO -   If you use ClickHouse Cloud, the password can be reset at https://clickhouse.cloud/
[2026-05-04T09:18:38.366+0000] {subprocess.py:93} INFO -   on the settings page for the corresponding service.
[2026-05-04T09:18:38.367+0000] {subprocess.py:93} INFO - 
[2026-05-04T09:18:38.367+0000] {subprocess.py:93} INFO -   If you have installed ClickHouse and forgot password you can reset it in the configuration file.
[2026-05-04T09:18:38.367+0000] {subprocess.py:93} INFO -   The password for default user is typically located at /etc/clickhouse-server/users.d/default-password.xml
[2026-05-04T09:18:38.367+0000] {subprocess.py:93} INFO -   and deleting this file will reset the password.
[2026-05-04T09:18:38.368+0000] {subprocess.py:93} INFO -   See also /etc/clickhouse-server/users.xml on the server where ClickHouse is installed.
[2026-05-04T09:18:38.368+0000] {subprocess.py:93} INFO - 
[2026-05-04T09:18:38.368+0000] {subprocess.py:93} INFO -   . (REQUIRED_PASSWORD) (for url http://clickhouse:8123)
[2026-05-04T09:18:38.368+0000] {subprocess.py:93} INFO - 
[2026-05-04T09:18:38.369+0000] {subprocess.py:93} INFO - Check your database credentials and try again. For more information, visit:
[2026-05-04T09:18:38.369+0000] {subprocess.py:93} INFO - https://docs.getdbt.com/docs/configure-your-profile
[2026-05-04T09:18:38.370+0000] {subprocess.py:93} INFO - 
[2026-05-04T09:18:38.370+0000] {subprocess.py:93} INFO - 
[2026-05-04T09:18:40.090+0000] {subprocess.py:97} INFO - Command exited with return code 1
[2026-05-04T09:18:40.107+0000] {taskinstance.py:2698} ERROR - Task failed with exception
Traceback (most recent call last):
  File "/home/airflow/.local/lib/python3.11/site-packages/airflow/models/taskinstance.py", line 433, in _execute_task
    result = execute_callable(context=context, **execute_callable_kwargs)
             ^^^^^^^^^^^^^^^^^^^^^^^^^^^^^^^^^^^^^^^^^^^^^^^^^^^^^^^^^^^^
  File "/home/airflow/.local/lib/python3.11/site-packages/airflow/operators/bash.py", line 212, in execute
    raise AirflowException(
airflow.exceptions.AirflowException: Bash command failed. The command returned a non-zero exit code 1.
[2026-05-04T09:18:40.114+0000] {taskinstance.py:1138} INFO - Marking task as UP_FOR_RETRY. dag_id=dbt_pipeline, task_id=dbt_debug, execution_date=20260503T000000, start_date=20260504T091834, end_date=20260504T091840
[2026-05-04T09:18:40.129+0000] {standard_task_runner.py:107} ERROR - Failed to execute job 4 for task dbt_debug (Bash command failed. The command returned a non-zero exit code 1.; 210)
[2026-05-04T09:18:40.160+0000] {local_task_job_runner.py:234} INFO - Task exited with return code 1
[2026-05-04T09:18:40.184+0000] {taskinstance.py:3280} INFO - 0 downstream tasks scheduled from follow-on schedule check
