[2026-05-04T09:30:17.734+0000] {taskinstance.py:1956} INFO - Dependencies all met for dep_context=non-requeueable deps ti=<TaskInstance: dbt_pipeline.dbt_debug manual__2026-05-04T09:30:16.359162+00:00 [queued]>
[2026-05-04T09:30:17.749+0000] {taskinstance.py:1956} INFO - Dependencies all met for dep_context=requeueable deps ti=<TaskInstance: dbt_pipeline.dbt_debug manual__2026-05-04T09:30:16.359162+00:00 [queued]>
[2026-05-04T09:30:17.750+0000] {taskinstance.py:2170} INFO - Starting attempt 1 of 2
[2026-05-04T09:30:17.793+0000] {taskinstance.py:2191} INFO - Executing <Task(BashOperator): dbt_debug> on 2026-05-04 09:30:16.359162+00:00
[2026-05-04T09:30:17.799+0000] {standard_task_runner.py:60} INFO - Started process 179 to run task
[2026-05-04T09:30:17.811+0000] {standard_task_runner.py:87} INFO - Running: ['***', 'tasks', 'run', 'dbt_pipeline', 'dbt_debug', 'manual__2026-05-04T09:30:16.359162+00:00', '--job-id', '42', '--raw', '--subdir', 'DAGS_FOLDER/dbt_dag.py', '--cfg-path', '/tmp/tmp35x1k7eh']
[2026-05-04T09:30:17.818+0000] {standard_task_runner.py:88} INFO - Job 42: Subtask dbt_debug
[2026-05-04T09:30:17.926+0000] {task_command.py:423} INFO - Running <TaskInstance: dbt_pipeline.dbt_debug manual__2026-05-04T09:30:16.359162+00:00 [running]> on host b3e120de763a
[2026-05-04T09:30:18.025+0000] {taskinstance.py:2480} INFO - Exporting env vars: AIRFLOW_CTX_DAG_OWNER='***' AIRFLOW_CTX_DAG_ID='dbt_pipeline' AIRFLOW_CTX_TASK_ID='dbt_debug' AIRFLOW_CTX_EXECUTION_DATE='2026-05-04T09:30:16.359162+00:00' AIRFLOW_CTX_TRY_NUMBER='1' AIRFLOW_CTX_DAG_RUN_ID='manual__2026-05-04T09:30:16.359162+00:00'
[2026-05-04T09:30:18.027+0000] {subprocess.py:63} INFO - Tmp dir root location: /tmp
[2026-05-04T09:30:18.028+0000] {subprocess.py:75} INFO - Running command: ['/usr/bin/bash', '-c', 'cd /opt/***/transform && /opt/***/dbt_venv/bin/dbt debug --profiles-dir .']
[2026-05-04T09:30:18.038+0000] {subprocess.py:86} INFO - Output:
[2026-05-04T09:30:20.591+0000] {subprocess.py:93} INFO - [0m09:30:20  Running with dbt=1.11.8
[2026-05-04T09:30:20.606+0000] {subprocess.py:93} INFO - [0m09:30:20  dbt version: 1.11.8
[2026-05-04T09:30:20.608+0000] {subprocess.py:93} INFO - [0m09:30:20  python version: 3.11.8
[2026-05-04T09:30:20.609+0000] {subprocess.py:93} INFO - [0m09:30:20  python path: /opt/***/dbt_venv/bin/python
[2026-05-04T09:30:20.610+0000] {subprocess.py:93} INFO - [0m09:30:20  os info: Linux-6.6.87.2-microsoft-standard-WSL2-x86_64-with-glibc2.36
[2026-05-04T09:30:20.692+0000] {subprocess.py:93} INFO - [0m09:30:20  Using profiles dir at .
[2026-05-04T09:30:20.693+0000] {subprocess.py:93} INFO - [0m09:30:20  Using profiles.yml file at ./profiles.yml
[2026-05-04T09:30:20.694+0000] {subprocess.py:93} INFO - [0m09:30:20  Using dbt_project.yml file at /opt/***/transform/dbt_project.yml
[2026-05-04T09:30:20.695+0000] {subprocess.py:93} INFO - [0m09:30:20  adapter type: clickhouse
[2026-05-04T09:30:20.697+0000] {subprocess.py:93} INFO - [0m09:30:20  adapter version: 1.10.0
[2026-05-04T09:30:20.805+0000] {subprocess.py:93} INFO - [0m09:30:20  Configuration:
[2026-05-04T09:30:20.807+0000] {subprocess.py:93} INFO - [0m09:30:20    profiles.yml file [[32mOK found and valid[0m]
[2026-05-04T09:30:20.808+0000] {subprocess.py:93} INFO - [0m09:30:20    dbt_project.yml file [[32mOK found and valid[0m]
[2026-05-04T09:30:20.808+0000] {subprocess.py:93} INFO - [0m09:30:20  Required dependencies:
[2026-05-04T09:30:20.819+0000] {subprocess.py:93} INFO - [0m09:30:20   - git [[32mOK found[0m]
[2026-05-04T09:30:20.819+0000] {subprocess.py:93} INFO - 
[2026-05-04T09:30:20.820+0000] {subprocess.py:93} INFO - [0m09:30:20  Connection:
[2026-05-04T09:30:20.820+0000] {subprocess.py:93} INFO - [0m09:30:20    driver: None
[2026-05-04T09:30:20.821+0000] {subprocess.py:93} INFO - [0m09:30:20    host: clickhouse
[2026-05-04T09:30:20.822+0000] {subprocess.py:93} INFO - [0m09:30:20    port: 8123
[2026-05-04T09:30:20.823+0000] {subprocess.py:93} INFO - [0m09:30:20    user: default
[2026-05-04T09:30:20.824+0000] {subprocess.py:93} INFO - [0m09:30:20    schema: marketing_analytics
[2026-05-04T09:30:20.825+0000] {subprocess.py:93} INFO - [0m09:30:20    retries: 1
[2026-05-04T09:30:20.826+0000] {subprocess.py:93} INFO - [0m09:30:20    cluster: None
[2026-05-04T09:30:20.827+0000] {subprocess.py:93} INFO - [0m09:30:20    database_engine: None
[2026-05-04T09:30:20.828+0000] {subprocess.py:93} INFO - [0m09:30:20    cluster_mode: False
[2026-05-04T09:30:20.828+0000] {subprocess.py:93} INFO - [0m09:30:20    secure: False
[2026-05-04T09:30:20.829+0000] {subprocess.py:93} INFO - [0m09:30:20    verify: False
[2026-05-04T09:30:20.830+0000] {subprocess.py:93} INFO - [0m09:30:20    client_cert: None
[2026-05-04T09:30:20.831+0000] {subprocess.py:93} INFO - [0m09:30:20    client_cert_key: None
[2026-05-04T09:30:20.832+0000] {subprocess.py:93} INFO - [0m09:30:20    connect_timeout: 10
[2026-05-04T09:30:20.833+0000] {subprocess.py:93} INFO - [0m09:30:20    send_receive_timeout: 300
[2026-05-04T09:30:20.834+0000] {subprocess.py:93} INFO - [0m09:30:20    sync_request_timeout: 5
[2026-05-04T09:30:20.835+0000] {subprocess.py:93} INFO - [0m09:30:20    compress_block_size: 1048576
[2026-05-04T09:30:20.835+0000] {subprocess.py:93} INFO - [0m09:30:20    compression:
[2026-05-04T09:30:20.837+0000] {subprocess.py:93} INFO - [0m09:30:20    check_exchange: True
[2026-05-04T09:30:20.838+0000] {subprocess.py:93} INFO - [0m09:30:20    custom_settings: None
[2026-05-04T09:30:20.839+0000] {subprocess.py:93} INFO - [0m09:30:20    use_lw_deletes: False
[2026-05-04T09:30:20.840+0000] {subprocess.py:93} INFO - [0m09:30:20    allow_automatic_deduplication: False
[2026-05-04T09:30:20.841+0000] {subprocess.py:93} INFO - [0m09:30:20    tcp_keepalive: False
[2026-05-04T09:30:20.842+0000] {subprocess.py:93} INFO - [0m09:30:20  Registered adapter: clickhouse=1.10.0
[2026-05-04T09:30:21.052+0000] {subprocess.py:93} INFO - [0m09:30:21    Connection test: [[32mOK connection ok[0m]
[2026-05-04T09:30:21.053+0000] {subprocess.py:93} INFO - 
[2026-05-04T09:30:21.054+0000] {subprocess.py:93} INFO - [0m09:30:21  [32mAll checks passed![0m
[2026-05-04T09:30:24.352+0000] {subprocess.py:97} INFO - Command exited with return code 0
[2026-05-04T09:30:24.384+0000] {taskinstance.py:1138} INFO - Marking task as SUCCESS. dag_id=dbt_pipeline, task_id=dbt_debug, execution_date=20260504T093016, start_date=20260504T093017, end_date=20260504T093024
[2026-05-04T09:30:24.445+0000] {local_task_job_runner.py:234} INFO - Task exited with return code 0
[2026-05-04T09:30:24.474+0000] {taskinstance.py:3280} INFO - 1 downstream tasks scheduled from follow-on schedule check
