[2026-05-04T09:07:21.473+0000] {processor.py:161} INFO - Started process (PID=167) to work on /opt/airflow/dags/dbt_dag.py
[2026-05-04T09:07:21.474+0000] {processor.py:830} INFO - Processing file /opt/airflow/dags/dbt_dag.py for tasks to queue
[2026-05-04T09:07:21.476+0000] {logging_mixin.py:188} INFO - [2026-05-04T09:07:21.475+0000] {dagbag.py:538} INFO - Filling up the DagBag from /opt/airflow/dags/dbt_dag.py
[2026-05-04T09:07:21.548+0000] {processor.py:840} INFO - DAG(s) 'dbt_pipeline' retrieved from /opt/airflow/dags/dbt_dag.py
[2026-05-04T09:07:21.932+0000] {logging_mixin.py:188} INFO - [2026-05-04T09:07:21.930+0000] {override.py:1769} INFO - Created Permission View: can delete on DAG:dbt_pipeline
[2026-05-04T09:07:21.947+0000] {logging_mixin.py:188} INFO - [2026-05-04T09:07:21.946+0000] {override.py:1769} INFO - Created Permission View: can read on DAG:dbt_pipeline
[2026-05-04T09:07:21.958+0000] {logging_mixin.py:188} INFO - [2026-05-04T09:07:21.958+0000] {override.py:1769} INFO - Created Permission View: can edit on DAG:dbt_pipeline
[2026-05-04T09:07:21.960+0000] {logging_mixin.py:188} INFO - [2026-05-04T09:07:21.959+0000] {dag.py:3036} INFO - Sync 1 DAGs
[2026-05-04T09:07:21.974+0000] {logging_mixin.py:188} INFO - [2026-05-04T09:07:21.973+0000] {dag.py:3058} INFO - Creating ORM DAG for dbt_pipeline
[2026-05-04T09:07:21.993+0000] {logging_mixin.py:188} INFO - [2026-05-04T09:07:21.992+0000] {dag.py:3823} INFO - Setting next_dagrun for dbt_pipeline to 2026-05-03 00:00:00+00:00, run_after=2026-05-04 00:00:00+00:00
[2026-05-04T09:07:22.024+0000] {processor.py:183} INFO - Processing /opt/airflow/dags/dbt_dag.py took 0.555 seconds
[2026-05-04T09:07:52.248+0000] {processor.py:161} INFO - Started process (PID=173) to work on /opt/airflow/dags/dbt_dag.py
[2026-05-04T09:07:52.250+0000] {processor.py:830} INFO - Processing file /opt/airflow/dags/dbt_dag.py for tasks to queue
[2026-05-04T09:07:52.252+0000] {logging_mixin.py:188} INFO - [2026-05-04T09:07:52.251+0000] {dagbag.py:538} INFO - Filling up the DagBag from /opt/airflow/dags/dbt_dag.py
[2026-05-04T09:07:52.284+0000] {processor.py:840} INFO - DAG(s) 'dbt_pipeline' retrieved from /opt/airflow/dags/dbt_dag.py
[2026-05-04T09:07:52.323+0000] {logging_mixin.py:188} INFO - [2026-05-04T09:07:52.323+0000] {dag.py:3036} INFO - Sync 1 DAGs
[2026-05-04T09:07:52.352+0000] {logging_mixin.py:188} INFO - [2026-05-04T09:07:52.352+0000] {dag.py:3823} INFO - Setting next_dagrun for dbt_pipeline to 2026-05-03 00:00:00+00:00, run_after=2026-05-04 00:00:00+00:00
[2026-05-04T09:07:52.378+0000] {processor.py:183} INFO - Processing /opt/airflow/dags/dbt_dag.py took 0.135 seconds
[2026-05-04T09:08:22.551+0000] {processor.py:161} INFO - Started process (PID=178) to work on /opt/airflow/dags/dbt_dag.py
[2026-05-04T09:08:22.552+0000] {processor.py:830} INFO - Processing file /opt/airflow/dags/dbt_dag.py for tasks to queue
[2026-05-04T09:08:22.554+0000] {logging_mixin.py:188} INFO - [2026-05-04T09:08:22.553+0000] {dagbag.py:538} INFO - Filling up the DagBag from /opt/airflow/dags/dbt_dag.py
[2026-05-04T09:08:22.581+0000] {processor.py:840} INFO - DAG(s) 'dbt_pipeline' retrieved from /opt/airflow/dags/dbt_dag.py
[2026-05-04T09:08:22.630+0000] {logging_mixin.py:188} INFO - [2026-05-04T09:08:22.630+0000] {dag.py:3036} INFO - Sync 1 DAGs
[2026-05-04T09:08:22.664+0000] {logging_mixin.py:188} INFO - [2026-05-04T09:08:22.664+0000] {dag.py:3823} INFO - Setting next_dagrun for dbt_pipeline to 2026-05-03 00:00:00+00:00, run_after=2026-05-04 00:00:00+00:00
[2026-05-04T09:08:22.707+0000] {processor.py:183} INFO - Processing /opt/airflow/dags/dbt_dag.py took 0.162 seconds
[2026-05-04T09:08:52.894+0000] {processor.py:161} INFO - Started process (PID=183) to work on /opt/airflow/dags/dbt_dag.py
[2026-05-04T09:08:52.896+0000] {processor.py:830} INFO - Processing file /opt/airflow/dags/dbt_dag.py for tasks to queue
[2026-05-04T09:08:52.897+0000] {logging_mixin.py:188} INFO - [2026-05-04T09:08:52.896+0000] {dagbag.py:538} INFO - Filling up the DagBag from /opt/airflow/dags/dbt_dag.py
[2026-05-04T09:08:52.917+0000] {processor.py:840} INFO - DAG(s) 'dbt_pipeline' retrieved from /opt/airflow/dags/dbt_dag.py
[2026-05-04T09:08:52.947+0000] {logging_mixin.py:188} INFO - [2026-05-04T09:08:52.947+0000] {dag.py:3036} INFO - Sync 1 DAGs
[2026-05-04T09:08:52.969+0000] {logging_mixin.py:188} INFO - [2026-05-04T09:08:52.968+0000] {dag.py:3823} INFO - Setting next_dagrun for dbt_pipeline to 2026-05-03 00:00:00+00:00, run_after=2026-05-04 00:00:00+00:00
[2026-05-04T09:08:52.993+0000] {processor.py:183} INFO - Processing /opt/airflow/dags/dbt_dag.py took 0.103 seconds
[2026-05-04T09:09:23.041+0000] {processor.py:161} INFO - Started process (PID=188) to work on /opt/airflow/dags/dbt_dag.py
[2026-05-04T09:09:23.042+0000] {processor.py:830} INFO - Processing file /opt/airflow/dags/dbt_dag.py for tasks to queue
[2026-05-04T09:09:23.043+0000] {logging_mixin.py:188} INFO - [2026-05-04T09:09:23.042+0000] {dagbag.py:538} INFO - Filling up the DagBag from /opt/airflow/dags/dbt_dag.py
[2026-05-04T09:09:23.062+0000] {processor.py:840} INFO - DAG(s) 'dbt_pipeline' retrieved from /opt/airflow/dags/dbt_dag.py
[2026-05-04T09:09:23.087+0000] {logging_mixin.py:188} INFO - [2026-05-04T09:09:23.086+0000] {dag.py:3036} INFO - Sync 1 DAGs
[2026-05-04T09:09:23.105+0000] {logging_mixin.py:188} INFO - [2026-05-04T09:09:23.104+0000] {dag.py:3823} INFO - Setting next_dagrun for dbt_pipeline to 2026-05-03 00:00:00+00:00, run_after=2026-05-04 00:00:00+00:00
[2026-05-04T09:09:23.124+0000] {processor.py:183} INFO - Processing /opt/airflow/dags/dbt_dag.py took 0.087 seconds
[2026-05-04T09:09:53.295+0000] {processor.py:161} INFO - Started process (PID=193) to work on /opt/airflow/dags/dbt_dag.py
[2026-05-04T09:09:53.296+0000] {processor.py:830} INFO - Processing file /opt/airflow/dags/dbt_dag.py for tasks to queue
[2026-05-04T09:09:53.297+0000] {logging_mixin.py:188} INFO - [2026-05-04T09:09:53.296+0000] {dagbag.py:538} INFO - Filling up the DagBag from /opt/airflow/dags/dbt_dag.py
[2026-05-04T09:09:53.323+0000] {processor.py:840} INFO - DAG(s) 'dbt_pipeline' retrieved from /opt/airflow/dags/dbt_dag.py
[2026-05-04T09:09:53.357+0000] {logging_mixin.py:188} INFO - [2026-05-04T09:09:53.356+0000] {dag.py:3036} INFO - Sync 1 DAGs
[2026-05-04T09:09:53.382+0000] {logging_mixin.py:188} INFO - [2026-05-04T09:09:53.382+0000] {dag.py:3823} INFO - Setting next_dagrun for dbt_pipeline to 2026-05-03 00:00:00+00:00, run_after=2026-05-04 00:00:00+00:00
[2026-05-04T09:09:53.404+0000] {processor.py:183} INFO - Processing /opt/airflow/dags/dbt_dag.py took 0.113 seconds
[2026-05-04T09:10:23.465+0000] {processor.py:161} INFO - Started process (PID=198) to work on /opt/airflow/dags/dbt_dag.py
[2026-05-04T09:10:23.466+0000] {processor.py:830} INFO - Processing file /opt/airflow/dags/dbt_dag.py for tasks to queue
[2026-05-04T09:10:23.467+0000] {logging_mixin.py:188} INFO - [2026-05-04T09:10:23.466+0000] {dagbag.py:538} INFO - Filling up the DagBag from /opt/airflow/dags/dbt_dag.py
[2026-05-04T09:10:23.484+0000] {processor.py:840} INFO - DAG(s) 'dbt_pipeline' retrieved from /opt/airflow/dags/dbt_dag.py
[2026-05-04T09:10:23.506+0000] {logging_mixin.py:188} INFO - [2026-05-04T09:10:23.506+0000] {dag.py:3036} INFO - Sync 1 DAGs
[2026-05-04T09:10:23.523+0000] {logging_mixin.py:188} INFO - [2026-05-04T09:10:23.523+0000] {dag.py:3823} INFO - Setting next_dagrun for dbt_pipeline to 2026-05-03 00:00:00+00:00, run_after=2026-05-04 00:00:00+00:00
[2026-05-04T09:10:23.540+0000] {processor.py:183} INFO - Processing /opt/airflow/dags/dbt_dag.py took 0.078 seconds
[2026-05-04T09:10:53.724+0000] {processor.py:161} INFO - Started process (PID=203) to work on /opt/airflow/dags/dbt_dag.py
[2026-05-04T09:10:53.725+0000] {processor.py:830} INFO - Processing file /opt/airflow/dags/dbt_dag.py for tasks to queue
[2026-05-04T09:10:53.726+0000] {logging_mixin.py:188} INFO - [2026-05-04T09:10:53.726+0000] {dagbag.py:538} INFO - Filling up the DagBag from /opt/airflow/dags/dbt_dag.py
[2026-05-04T09:10:53.742+0000] {processor.py:840} INFO - DAG(s) 'dbt_pipeline' retrieved from /opt/airflow/dags/dbt_dag.py
[2026-05-04T09:10:53.770+0000] {logging_mixin.py:188} INFO - [2026-05-04T09:10:53.770+0000] {dag.py:3036} INFO - Sync 1 DAGs
[2026-05-04T09:10:53.793+0000] {logging_mixin.py:188} INFO - [2026-05-04T09:10:53.793+0000] {dag.py:3823} INFO - Setting next_dagrun for dbt_pipeline to 2026-05-03 00:00:00+00:00, run_after=2026-05-04 00:00:00+00:00
[2026-05-04T09:10:53.813+0000] {processor.py:183} INFO - Processing /opt/airflow/dags/dbt_dag.py took 0.091 seconds
[2026-05-04T09:11:23.894+0000] {processor.py:161} INFO - Started process (PID=208) to work on /opt/airflow/dags/dbt_dag.py
[2026-05-04T09:11:23.895+0000] {processor.py:830} INFO - Processing file /opt/airflow/dags/dbt_dag.py for tasks to queue
[2026-05-04T09:11:23.896+0000] {logging_mixin.py:188} INFO - [2026-05-04T09:11:23.895+0000] {dagbag.py:538} INFO - Filling up the DagBag from /opt/airflow/dags/dbt_dag.py
[2026-05-04T09:11:23.911+0000] {processor.py:840} INFO - DAG(s) 'dbt_pipeline' retrieved from /opt/airflow/dags/dbt_dag.py
[2026-05-04T09:11:23.934+0000] {logging_mixin.py:188} INFO - [2026-05-04T09:11:23.933+0000] {dag.py:3036} INFO - Sync 1 DAGs
[2026-05-04T09:11:23.952+0000] {logging_mixin.py:188} INFO - [2026-05-04T09:11:23.952+0000] {dag.py:3823} INFO - Setting next_dagrun for dbt_pipeline to 2026-05-03 00:00:00+00:00, run_after=2026-05-04 00:00:00+00:00
[2026-05-04T09:11:23.970+0000] {processor.py:183} INFO - Processing /opt/airflow/dags/dbt_dag.py took 0.080 seconds
[2026-05-04T09:11:54.121+0000] {processor.py:161} INFO - Started process (PID=213) to work on /opt/airflow/dags/dbt_dag.py
[2026-05-04T09:11:54.122+0000] {processor.py:830} INFO - Processing file /opt/airflow/dags/dbt_dag.py for tasks to queue
[2026-05-04T09:11:54.123+0000] {logging_mixin.py:188} INFO - [2026-05-04T09:11:54.123+0000] {dagbag.py:538} INFO - Filling up the DagBag from /opt/airflow/dags/dbt_dag.py
[2026-05-04T09:11:54.141+0000] {processor.py:840} INFO - DAG(s) 'dbt_pipeline' retrieved from /opt/airflow/dags/dbt_dag.py
[2026-05-04T09:11:54.166+0000] {logging_mixin.py:188} INFO - [2026-05-04T09:11:54.165+0000] {dag.py:3036} INFO - Sync 1 DAGs
[2026-05-04T09:11:54.186+0000] {logging_mixin.py:188} INFO - [2026-05-04T09:11:54.186+0000] {dag.py:3823} INFO - Setting next_dagrun for dbt_pipeline to 2026-05-03 00:00:00+00:00, run_after=2026-05-04 00:00:00+00:00
[2026-05-04T09:11:54.205+0000] {processor.py:183} INFO - Processing /opt/airflow/dags/dbt_dag.py took 0.086 seconds
[2026-05-04T09:12:24.295+0000] {processor.py:161} INFO - Started process (PID=218) to work on /opt/airflow/dags/dbt_dag.py
[2026-05-04T09:12:24.296+0000] {processor.py:830} INFO - Processing file /opt/airflow/dags/dbt_dag.py for tasks to queue
[2026-05-04T09:12:24.297+0000] {logging_mixin.py:188} INFO - [2026-05-04T09:12:24.297+0000] {dagbag.py:538} INFO - Filling up the DagBag from /opt/airflow/dags/dbt_dag.py
[2026-05-04T09:12:24.314+0000] {processor.py:840} INFO - DAG(s) 'dbt_pipeline' retrieved from /opt/airflow/dags/dbt_dag.py
[2026-05-04T09:12:24.336+0000] {logging_mixin.py:188} INFO - [2026-05-04T09:12:24.336+0000] {dag.py:3036} INFO - Sync 1 DAGs
[2026-05-04T09:12:24.353+0000] {logging_mixin.py:188} INFO - [2026-05-04T09:12:24.353+0000] {dag.py:3823} INFO - Setting next_dagrun for dbt_pipeline to 2026-05-03 00:00:00+00:00, run_after=2026-05-04 00:00:00+00:00
[2026-05-04T09:12:24.373+0000] {processor.py:183} INFO - Processing /opt/airflow/dags/dbt_dag.py took 0.081 seconds
[2026-05-04T09:12:54.542+0000] {processor.py:161} INFO - Started process (PID=223) to work on /opt/airflow/dags/dbt_dag.py
[2026-05-04T09:12:54.543+0000] {processor.py:830} INFO - Processing file /opt/airflow/dags/dbt_dag.py for tasks to queue
[2026-05-04T09:12:54.544+0000] {logging_mixin.py:188} INFO - [2026-05-04T09:12:54.543+0000] {dagbag.py:538} INFO - Filling up the DagBag from /opt/airflow/dags/dbt_dag.py
[2026-05-04T09:12:54.567+0000] {processor.py:840} INFO - DAG(s) 'dbt_pipeline' retrieved from /opt/airflow/dags/dbt_dag.py
[2026-05-04T09:12:54.598+0000] {logging_mixin.py:188} INFO - [2026-05-04T09:12:54.598+0000] {dag.py:3036} INFO - Sync 1 DAGs
[2026-05-04T09:12:54.616+0000] {logging_mixin.py:188} INFO - [2026-05-04T09:12:54.615+0000] {dag.py:3823} INFO - Setting next_dagrun for dbt_pipeline to 2026-05-03 00:00:00+00:00, run_after=2026-05-04 00:00:00+00:00
[2026-05-04T09:12:54.630+0000] {processor.py:183} INFO - Processing /opt/airflow/dags/dbt_dag.py took 0.092 seconds
[2026-05-04T09:13:24.701+0000] {processor.py:161} INFO - Started process (PID=228) to work on /opt/airflow/dags/dbt_dag.py
[2026-05-04T09:13:24.702+0000] {processor.py:830} INFO - Processing file /opt/airflow/dags/dbt_dag.py for tasks to queue
[2026-05-04T09:13:24.703+0000] {logging_mixin.py:188} INFO - [2026-05-04T09:13:24.702+0000] {dagbag.py:538} INFO - Filling up the DagBag from /opt/airflow/dags/dbt_dag.py
[2026-05-04T09:13:24.721+0000] {processor.py:840} INFO - DAG(s) 'dbt_pipeline' retrieved from /opt/airflow/dags/dbt_dag.py
[2026-05-04T09:13:24.744+0000] {logging_mixin.py:188} INFO - [2026-05-04T09:13:24.744+0000] {dag.py:3036} INFO - Sync 1 DAGs
[2026-05-04T09:13:24.760+0000] {logging_mixin.py:188} INFO - [2026-05-04T09:13:24.760+0000] {dag.py:3823} INFO - Setting next_dagrun for dbt_pipeline to 2026-05-03 00:00:00+00:00, run_after=2026-05-04 00:00:00+00:00
[2026-05-04T09:13:24.776+0000] {processor.py:183} INFO - Processing /opt/airflow/dags/dbt_dag.py took 0.078 seconds
[2026-05-04T09:15:02.709+0000] {processor.py:161} INFO - Started process (PID=168) to work on /opt/airflow/dags/dbt_dag.py
[2026-05-04T09:15:02.710+0000] {processor.py:830} INFO - Processing file /opt/airflow/dags/dbt_dag.py for tasks to queue
[2026-05-04T09:15:02.712+0000] {logging_mixin.py:188} INFO - [2026-05-04T09:15:02.712+0000] {dagbag.py:538} INFO - Filling up the DagBag from /opt/airflow/dags/dbt_dag.py
[2026-05-04T09:15:02.738+0000] {processor.py:840} INFO - DAG(s) 'dbt_pipeline' retrieved from /opt/airflow/dags/dbt_dag.py
[2026-05-04T09:15:02.945+0000] {logging_mixin.py:188} INFO - [2026-05-04T09:15:02.945+0000] {dag.py:3036} INFO - Sync 1 DAGs
[2026-05-04T09:15:02.988+0000] {logging_mixin.py:188} INFO - [2026-05-04T09:15:02.988+0000] {dag.py:3823} INFO - Setting next_dagrun for dbt_pipeline to 2026-05-03 00:00:00+00:00, run_after=2026-05-04 00:00:00+00:00
[2026-05-04T09:15:03.032+0000] {processor.py:183} INFO - Processing /opt/airflow/dags/dbt_dag.py took 0.329 seconds
[2026-05-04T09:15:33.223+0000] {processor.py:161} INFO - Started process (PID=173) to work on /opt/airflow/dags/dbt_dag.py
[2026-05-04T09:15:33.224+0000] {processor.py:830} INFO - Processing file /opt/airflow/dags/dbt_dag.py for tasks to queue
[2026-05-04T09:15:33.226+0000] {logging_mixin.py:188} INFO - [2026-05-04T09:15:33.225+0000] {dagbag.py:538} INFO - Filling up the DagBag from /opt/airflow/dags/dbt_dag.py
[2026-05-04T09:15:33.249+0000] {processor.py:840} INFO - DAG(s) 'dbt_pipeline' retrieved from /opt/airflow/dags/dbt_dag.py
[2026-05-04T09:15:33.273+0000] {logging_mixin.py:188} INFO - [2026-05-04T09:15:33.273+0000] {dag.py:3036} INFO - Sync 1 DAGs
[2026-05-04T09:15:33.291+0000] {logging_mixin.py:188} INFO - [2026-05-04T09:15:33.291+0000] {dag.py:3823} INFO - Setting next_dagrun for dbt_pipeline to 2026-05-03 00:00:00+00:00, run_after=2026-05-04 00:00:00+00:00
[2026-05-04T09:15:33.310+0000] {processor.py:183} INFO - Processing /opt/airflow/dags/dbt_dag.py took 0.090 seconds
[2026-05-04T09:16:03.398+0000] {processor.py:161} INFO - Started process (PID=178) to work on /opt/airflow/dags/dbt_dag.py
[2026-05-04T09:16:03.399+0000] {processor.py:830} INFO - Processing file /opt/airflow/dags/dbt_dag.py for tasks to queue
[2026-05-04T09:16:03.400+0000] {logging_mixin.py:188} INFO - [2026-05-04T09:16:03.400+0000] {dagbag.py:538} INFO - Filling up the DagBag from /opt/airflow/dags/dbt_dag.py
[2026-05-04T09:16:03.420+0000] {processor.py:840} INFO - DAG(s) 'dbt_pipeline' retrieved from /opt/airflow/dags/dbt_dag.py
[2026-05-04T09:16:03.445+0000] {logging_mixin.py:188} INFO - [2026-05-04T09:16:03.445+0000] {dag.py:3036} INFO - Sync 1 DAGs
[2026-05-04T09:16:03.464+0000] {logging_mixin.py:188} INFO - [2026-05-04T09:16:03.463+0000] {dag.py:3823} INFO - Setting next_dagrun for dbt_pipeline to 2026-05-03 00:00:00+00:00, run_after=2026-05-04 00:00:00+00:00
[2026-05-04T09:16:03.484+0000] {processor.py:183} INFO - Processing /opt/airflow/dags/dbt_dag.py took 0.089 seconds
[2026-05-04T09:16:33.648+0000] {processor.py:161} INFO - Started process (PID=183) to work on /opt/airflow/dags/dbt_dag.py
[2026-05-04T09:16:33.649+0000] {processor.py:830} INFO - Processing file /opt/airflow/dags/dbt_dag.py for tasks to queue
[2026-05-04T09:16:33.650+0000] {logging_mixin.py:188} INFO - [2026-05-04T09:16:33.649+0000] {dagbag.py:538} INFO - Filling up the DagBag from /opt/airflow/dags/dbt_dag.py
[2026-05-04T09:16:33.667+0000] {processor.py:840} INFO - DAG(s) 'dbt_pipeline' retrieved from /opt/airflow/dags/dbt_dag.py
[2026-05-04T09:16:33.771+0000] {logging_mixin.py:188} INFO - [2026-05-04T09:16:33.771+0000] {dag.py:3036} INFO - Sync 1 DAGs
[2026-05-04T09:16:33.792+0000] {logging_mixin.py:188} INFO - [2026-05-04T09:16:33.792+0000] {dag.py:3823} INFO - Setting next_dagrun for dbt_pipeline to 2026-05-03 00:00:00+00:00, run_after=2026-05-04 00:00:00+00:00
[2026-05-04T09:16:33.816+0000] {processor.py:183} INFO - Processing /opt/airflow/dags/dbt_dag.py took 0.171 seconds
[2026-05-04T09:17:04.007+0000] {processor.py:161} INFO - Started process (PID=188) to work on /opt/airflow/dags/dbt_dag.py
[2026-05-04T09:17:04.008+0000] {processor.py:830} INFO - Processing file /opt/airflow/dags/dbt_dag.py for tasks to queue
[2026-05-04T09:17:04.009+0000] {logging_mixin.py:188} INFO - [2026-05-04T09:17:04.009+0000] {dagbag.py:538} INFO - Filling up the DagBag from /opt/airflow/dags/dbt_dag.py
[2026-05-04T09:17:04.033+0000] {processor.py:840} INFO - DAG(s) 'dbt_pipeline' retrieved from /opt/airflow/dags/dbt_dag.py
[2026-05-04T09:17:04.067+0000] {logging_mixin.py:188} INFO - [2026-05-04T09:17:04.067+0000] {dag.py:3036} INFO - Sync 1 DAGs
[2026-05-04T09:17:04.095+0000] {logging_mixin.py:188} INFO - [2026-05-04T09:17:04.094+0000] {dag.py:3823} INFO - Setting next_dagrun for dbt_pipeline to 2026-05-03 00:00:00+00:00, run_after=2026-05-04 00:00:00+00:00
[2026-05-04T09:17:04.120+0000] {processor.py:183} INFO - Processing /opt/airflow/dags/dbt_dag.py took 0.117 seconds
[2026-05-04T09:17:34.158+0000] {processor.py:161} INFO - Started process (PID=193) to work on /opt/airflow/dags/dbt_dag.py
[2026-05-04T09:17:34.159+0000] {processor.py:830} INFO - Processing file /opt/airflow/dags/dbt_dag.py for tasks to queue
[2026-05-04T09:17:34.160+0000] {logging_mixin.py:188} INFO - [2026-05-04T09:17:34.159+0000] {dagbag.py:538} INFO - Filling up the DagBag from /opt/airflow/dags/dbt_dag.py
[2026-05-04T09:17:34.177+0000] {processor.py:840} INFO - DAG(s) 'dbt_pipeline' retrieved from /opt/airflow/dags/dbt_dag.py
[2026-05-04T09:17:34.203+0000] {logging_mixin.py:188} INFO - [2026-05-04T09:17:34.202+0000] {dag.py:3036} INFO - Sync 1 DAGs
[2026-05-04T09:17:34.223+0000] {logging_mixin.py:188} INFO - [2026-05-04T09:17:34.223+0000] {dag.py:3823} INFO - Setting next_dagrun for dbt_pipeline to 2026-05-03 00:00:00+00:00, run_after=2026-05-04 00:00:00+00:00
[2026-05-04T09:17:34.240+0000] {processor.py:183} INFO - Processing /opt/airflow/dags/dbt_dag.py took 0.085 seconds
[2026-05-04T09:18:04.348+0000] {processor.py:161} INFO - Started process (PID=198) to work on /opt/airflow/dags/dbt_dag.py
[2026-05-04T09:18:04.349+0000] {processor.py:830} INFO - Processing file /opt/airflow/dags/dbt_dag.py for tasks to queue
[2026-05-04T09:18:04.350+0000] {logging_mixin.py:188} INFO - [2026-05-04T09:18:04.350+0000] {dagbag.py:538} INFO - Filling up the DagBag from /opt/airflow/dags/dbt_dag.py
[2026-05-04T09:18:04.369+0000] {processor.py:840} INFO - DAG(s) 'dbt_pipeline' retrieved from /opt/airflow/dags/dbt_dag.py
[2026-05-04T09:18:04.393+0000] {logging_mixin.py:188} INFO - [2026-05-04T09:18:04.393+0000] {dag.py:3036} INFO - Sync 1 DAGs
[2026-05-04T09:18:04.414+0000] {logging_mixin.py:188} INFO - [2026-05-04T09:18:04.413+0000] {dag.py:3823} INFO - Setting next_dagrun for dbt_pipeline to 2026-05-03 00:00:00+00:00, run_after=2026-05-04 00:00:00+00:00
[2026-05-04T09:18:04.434+0000] {processor.py:183} INFO - Processing /opt/airflow/dags/dbt_dag.py took 0.089 seconds
[2026-05-04T09:18:34.711+0000] {processor.py:161} INFO - Started process (PID=205) to work on /opt/airflow/dags/dbt_dag.py
[2026-05-04T09:18:34.716+0000] {processor.py:830} INFO - Processing file /opt/airflow/dags/dbt_dag.py for tasks to queue
[2026-05-04T09:18:34.719+0000] {logging_mixin.py:188} INFO - [2026-05-04T09:18:34.718+0000] {dagbag.py:538} INFO - Filling up the DagBag from /opt/airflow/dags/dbt_dag.py
[2026-05-04T09:18:34.762+0000] {processor.py:840} INFO - DAG(s) 'dbt_pipeline' retrieved from /opt/airflow/dags/dbt_dag.py
[2026-05-04T09:18:34.820+0000] {logging_mixin.py:188} INFO - [2026-05-04T09:18:34.819+0000] {dag.py:3036} INFO - Sync 1 DAGs
[2026-05-04T09:18:34.870+0000] {logging_mixin.py:188} INFO - [2026-05-04T09:18:34.870+0000] {dag.py:3823} INFO - Setting next_dagrun for dbt_pipeline to 2026-05-04 00:00:00+00:00, run_after=2026-05-05 00:00:00+00:00
[2026-05-04T09:18:34.919+0000] {processor.py:183} INFO - Processing /opt/airflow/dags/dbt_dag.py took 0.230 seconds
[2026-05-04T09:19:05.097+0000] {processor.py:161} INFO - Started process (PID=220) to work on /opt/airflow/dags/dbt_dag.py
[2026-05-04T09:19:05.098+0000] {processor.py:830} INFO - Processing file /opt/airflow/dags/dbt_dag.py for tasks to queue
[2026-05-04T09:19:05.099+0000] {logging_mixin.py:188} INFO - [2026-05-04T09:19:05.098+0000] {dagbag.py:538} INFO - Filling up the DagBag from /opt/airflow/dags/dbt_dag.py
[2026-05-04T09:19:05.120+0000] {processor.py:840} INFO - DAG(s) 'dbt_pipeline' retrieved from /opt/airflow/dags/dbt_dag.py
[2026-05-04T09:19:05.144+0000] {logging_mixin.py:188} INFO - [2026-05-04T09:19:05.143+0000] {dag.py:3036} INFO - Sync 1 DAGs
[2026-05-04T09:19:05.161+0000] {logging_mixin.py:188} INFO - [2026-05-04T09:19:05.161+0000] {dag.py:3823} INFO - Setting next_dagrun for dbt_pipeline to 2026-05-04 00:00:00+00:00, run_after=2026-05-05 00:00:00+00:00
[2026-05-04T09:19:05.180+0000] {processor.py:183} INFO - Processing /opt/airflow/dags/dbt_dag.py took 0.087 seconds
[2026-05-04T09:20:09.073+0000] {processor.py:161} INFO - Started process (PID=167) to work on /opt/airflow/dags/dbt_dag.py
[2026-05-04T09:20:09.074+0000] {processor.py:830} INFO - Processing file /opt/airflow/dags/dbt_dag.py for tasks to queue
[2026-05-04T09:20:09.077+0000] {logging_mixin.py:188} INFO - [2026-05-04T09:20:09.076+0000] {dagbag.py:538} INFO - Filling up the DagBag from /opt/airflow/dags/dbt_dag.py
[2026-05-04T09:20:09.135+0000] {processor.py:840} INFO - DAG(s) 'dbt_pipeline' retrieved from /opt/airflow/dags/dbt_dag.py
[2026-05-04T09:20:09.460+0000] {logging_mixin.py:188} INFO - [2026-05-04T09:20:09.460+0000] {dag.py:3036} INFO - Sync 1 DAGs
[2026-05-04T09:20:09.498+0000] {logging_mixin.py:188} INFO - [2026-05-04T09:20:09.497+0000] {dag.py:3823} INFO - Setting next_dagrun for dbt_pipeline to 2026-05-04 00:00:00+00:00, run_after=2026-05-05 00:00:00+00:00
[2026-05-04T09:20:09.529+0000] {processor.py:183} INFO - Processing /opt/airflow/dags/dbt_dag.py took 0.464 seconds
[2026-05-04T09:20:39.724+0000] {processor.py:161} INFO - Started process (PID=173) to work on /opt/airflow/dags/dbt_dag.py
[2026-05-04T09:20:39.725+0000] {processor.py:830} INFO - Processing file /opt/airflow/dags/dbt_dag.py for tasks to queue
[2026-05-04T09:20:39.726+0000] {logging_mixin.py:188} INFO - [2026-05-04T09:20:39.726+0000] {dagbag.py:538} INFO - Filling up the DagBag from /opt/airflow/dags/dbt_dag.py
[2026-05-04T09:20:39.744+0000] {processor.py:840} INFO - DAG(s) 'dbt_pipeline' retrieved from /opt/airflow/dags/dbt_dag.py
[2026-05-04T09:20:39.769+0000] {logging_mixin.py:188} INFO - [2026-05-04T09:20:39.769+0000] {dag.py:3036} INFO - Sync 1 DAGs
[2026-05-04T09:20:39.791+0000] {logging_mixin.py:188} INFO - [2026-05-04T09:20:39.791+0000] {dag.py:3823} INFO - Setting next_dagrun for dbt_pipeline to 2026-05-04 00:00:00+00:00, run_after=2026-05-05 00:00:00+00:00
[2026-05-04T09:20:39.816+0000] {processor.py:183} INFO - Processing /opt/airflow/dags/dbt_dag.py took 0.095 seconds
[2026-05-04T09:21:09.875+0000] {processor.py:161} INFO - Started process (PID=178) to work on /opt/airflow/dags/dbt_dag.py
[2026-05-04T09:21:09.876+0000] {processor.py:830} INFO - Processing file /opt/airflow/dags/dbt_dag.py for tasks to queue
[2026-05-04T09:21:09.877+0000] {logging_mixin.py:188} INFO - [2026-05-04T09:21:09.876+0000] {dagbag.py:538} INFO - Filling up the DagBag from /opt/airflow/dags/dbt_dag.py
[2026-05-04T09:21:09.894+0000] {processor.py:840} INFO - DAG(s) 'dbt_pipeline' retrieved from /opt/airflow/dags/dbt_dag.py
[2026-05-04T09:21:09.918+0000] {logging_mixin.py:188} INFO - [2026-05-04T09:21:09.918+0000] {dag.py:3036} INFO - Sync 1 DAGs
[2026-05-04T09:21:09.939+0000] {logging_mixin.py:188} INFO - [2026-05-04T09:21:09.939+0000] {dag.py:3823} INFO - Setting next_dagrun for dbt_pipeline to 2026-05-04 00:00:00+00:00, run_after=2026-05-05 00:00:00+00:00
[2026-05-04T09:21:09.970+0000] {processor.py:183} INFO - Processing /opt/airflow/dags/dbt_dag.py took 0.098 seconds
[2026-05-04T09:21:40.122+0000] {processor.py:161} INFO - Started process (PID=183) to work on /opt/airflow/dags/dbt_dag.py
[2026-05-04T09:21:40.123+0000] {processor.py:830} INFO - Processing file /opt/airflow/dags/dbt_dag.py for tasks to queue
[2026-05-04T09:21:40.124+0000] {logging_mixin.py:188} INFO - [2026-05-04T09:21:40.124+0000] {dagbag.py:538} INFO - Filling up the DagBag from /opt/airflow/dags/dbt_dag.py
[2026-05-04T09:21:40.147+0000] {processor.py:840} INFO - DAG(s) 'dbt_pipeline' retrieved from /opt/airflow/dags/dbt_dag.py
[2026-05-04T09:21:40.180+0000] {logging_mixin.py:188} INFO - [2026-05-04T09:21:40.179+0000] {dag.py:3036} INFO - Sync 1 DAGs
[2026-05-04T09:21:40.202+0000] {logging_mixin.py:188} INFO - [2026-05-04T09:21:40.202+0000] {dag.py:3823} INFO - Setting next_dagrun for dbt_pipeline to 2026-05-04 00:00:00+00:00, run_after=2026-05-05 00:00:00+00:00
[2026-05-04T09:21:40.222+0000] {processor.py:183} INFO - Processing /opt/airflow/dags/dbt_dag.py took 0.103 seconds
[2026-05-04T09:22:10.286+0000] {processor.py:161} INFO - Started process (PID=188) to work on /opt/airflow/dags/dbt_dag.py
[2026-05-04T09:22:10.287+0000] {processor.py:830} INFO - Processing file /opt/airflow/dags/dbt_dag.py for tasks to queue
[2026-05-04T09:22:10.288+0000] {logging_mixin.py:188} INFO - [2026-05-04T09:22:10.287+0000] {dagbag.py:538} INFO - Filling up the DagBag from /opt/airflow/dags/dbt_dag.py
[2026-05-04T09:22:10.306+0000] {processor.py:840} INFO - DAG(s) 'dbt_pipeline' retrieved from /opt/airflow/dags/dbt_dag.py
[2026-05-04T09:22:10.331+0000] {logging_mixin.py:188} INFO - [2026-05-04T09:22:10.331+0000] {dag.py:3036} INFO - Sync 1 DAGs
[2026-05-04T09:22:10.350+0000] {logging_mixin.py:188} INFO - [2026-05-04T09:22:10.349+0000] {dag.py:3823} INFO - Setting next_dagrun for dbt_pipeline to 2026-05-04 00:00:00+00:00, run_after=2026-05-05 00:00:00+00:00
[2026-05-04T09:22:10.367+0000] {processor.py:183} INFO - Processing /opt/airflow/dags/dbt_dag.py took 0.085 seconds
[2026-05-04T09:23:12.723+0000] {processor.py:161} INFO - Started process (PID=168) to work on /opt/airflow/dags/dbt_dag.py
[2026-05-04T09:23:12.726+0000] {processor.py:830} INFO - Processing file /opt/airflow/dags/dbt_dag.py for tasks to queue
[2026-05-04T09:23:12.727+0000] {logging_mixin.py:188} INFO - [2026-05-04T09:23:12.727+0000] {dagbag.py:538} INFO - Filling up the DagBag from /opt/airflow/dags/dbt_dag.py
[2026-05-04T09:23:12.749+0000] {processor.py:840} INFO - DAG(s) 'dbt_pipeline' retrieved from /opt/airflow/dags/dbt_dag.py
[2026-05-04T09:23:12.872+0000] {logging_mixin.py:188} INFO - [2026-05-04T09:23:12.872+0000] {dag.py:3036} INFO - Sync 1 DAGs
[2026-05-04T09:23:12.893+0000] {logging_mixin.py:188} INFO - [2026-05-04T09:23:12.892+0000] {dag.py:3823} INFO - Setting next_dagrun for dbt_pipeline to 2026-05-04 00:00:00+00:00, run_after=2026-05-05 00:00:00+00:00
[2026-05-04T09:23:12.921+0000] {processor.py:183} INFO - Processing /opt/airflow/dags/dbt_dag.py took 0.204 seconds
[2026-05-04T09:23:43.103+0000] {processor.py:161} INFO - Started process (PID=179) to work on /opt/airflow/dags/dbt_dag.py
[2026-05-04T09:23:43.105+0000] {processor.py:830} INFO - Processing file /opt/airflow/dags/dbt_dag.py for tasks to queue
[2026-05-04T09:23:43.106+0000] {logging_mixin.py:188} INFO - [2026-05-04T09:23:43.105+0000] {dagbag.py:538} INFO - Filling up the DagBag from /opt/airflow/dags/dbt_dag.py
[2026-05-04T09:23:43.134+0000] {processor.py:840} INFO - DAG(s) 'dbt_pipeline' retrieved from /opt/airflow/dags/dbt_dag.py
[2026-05-04T09:23:43.172+0000] {logging_mixin.py:188} INFO - [2026-05-04T09:23:43.171+0000] {dag.py:3036} INFO - Sync 1 DAGs
[2026-05-04T09:23:43.204+0000] {logging_mixin.py:188} INFO - [2026-05-04T09:23:43.204+0000] {dag.py:3823} INFO - Setting next_dagrun for dbt_pipeline to 2026-05-04 00:00:00+00:00, run_after=2026-05-05 00:00:00+00:00
[2026-05-04T09:23:43.231+0000] {processor.py:183} INFO - Processing /opt/airflow/dags/dbt_dag.py took 0.133 seconds
[2026-05-04T09:24:13.425+0000] {processor.py:161} INFO - Started process (PID=199) to work on /opt/airflow/dags/dbt_dag.py
[2026-05-04T09:24:13.426+0000] {processor.py:830} INFO - Processing file /opt/airflow/dags/dbt_dag.py for tasks to queue
[2026-05-04T09:24:13.427+0000] {logging_mixin.py:188} INFO - [2026-05-04T09:24:13.427+0000] {dagbag.py:538} INFO - Filling up the DagBag from /opt/airflow/dags/dbt_dag.py
[2026-05-04T09:24:13.453+0000] {processor.py:840} INFO - DAG(s) 'dbt_pipeline' retrieved from /opt/airflow/dags/dbt_dag.py
[2026-05-04T09:24:13.485+0000] {logging_mixin.py:188} INFO - [2026-05-04T09:24:13.484+0000] {dag.py:3036} INFO - Sync 1 DAGs
[2026-05-04T09:24:13.508+0000] {logging_mixin.py:188} INFO - [2026-05-04T09:24:13.508+0000] {dag.py:3823} INFO - Setting next_dagrun for dbt_pipeline to 2026-05-04 00:00:00+00:00, run_after=2026-05-05 00:00:00+00:00
[2026-05-04T09:24:13.531+0000] {processor.py:183} INFO - Processing /opt/airflow/dags/dbt_dag.py took 0.110 seconds
[2026-05-04T09:24:43.696+0000] {processor.py:161} INFO - Started process (PID=206) to work on /opt/airflow/dags/dbt_dag.py
[2026-05-04T09:24:43.697+0000] {processor.py:830} INFO - Processing file /opt/airflow/dags/dbt_dag.py for tasks to queue
[2026-05-04T09:24:43.698+0000] {logging_mixin.py:188} INFO - [2026-05-04T09:24:43.698+0000] {dagbag.py:538} INFO - Filling up the DagBag from /opt/airflow/dags/dbt_dag.py
[2026-05-04T09:24:43.715+0000] {processor.py:840} INFO - DAG(s) 'dbt_pipeline' retrieved from /opt/airflow/dags/dbt_dag.py
[2026-05-04T09:24:43.742+0000] {logging_mixin.py:188} INFO - [2026-05-04T09:24:43.742+0000] {dag.py:3036} INFO - Sync 1 DAGs
[2026-05-04T09:24:43.761+0000] {logging_mixin.py:188} INFO - [2026-05-04T09:24:43.761+0000] {dag.py:3823} INFO - Setting next_dagrun for dbt_pipeline to 2026-05-04 00:00:00+00:00, run_after=2026-05-05 00:00:00+00:00
[2026-05-04T09:24:43.777+0000] {processor.py:183} INFO - Processing /opt/airflow/dags/dbt_dag.py took 0.084 seconds
[2026-05-04T09:25:13.848+0000] {processor.py:161} INFO - Started process (PID=233) to work on /opt/airflow/dags/dbt_dag.py
[2026-05-04T09:25:13.849+0000] {processor.py:830} INFO - Processing file /opt/airflow/dags/dbt_dag.py for tasks to queue
[2026-05-04T09:25:13.850+0000] {logging_mixin.py:188} INFO - [2026-05-04T09:25:13.849+0000] {dagbag.py:538} INFO - Filling up the DagBag from /opt/airflow/dags/dbt_dag.py
[2026-05-04T09:25:13.867+0000] {processor.py:840} INFO - DAG(s) 'dbt_pipeline' retrieved from /opt/airflow/dags/dbt_dag.py
[2026-05-04T09:25:13.891+0000] {logging_mixin.py:188} INFO - [2026-05-04T09:25:13.891+0000] {dag.py:3036} INFO - Sync 1 DAGs
[2026-05-04T09:25:13.909+0000] {logging_mixin.py:188} INFO - [2026-05-04T09:25:13.909+0000] {dag.py:3823} INFO - Setting next_dagrun for dbt_pipeline to 2026-05-04 00:00:00+00:00, run_after=2026-05-05 00:00:00+00:00
[2026-05-04T09:25:13.929+0000] {processor.py:183} INFO - Processing /opt/airflow/dags/dbt_dag.py took 0.084 seconds
[2026-05-04T09:25:44.094+0000] {processor.py:161} INFO - Started process (PID=246) to work on /opt/airflow/dags/dbt_dag.py
[2026-05-04T09:25:44.095+0000] {processor.py:830} INFO - Processing file /opt/airflow/dags/dbt_dag.py for tasks to queue
[2026-05-04T09:25:44.096+0000] {logging_mixin.py:188} INFO - [2026-05-04T09:25:44.096+0000] {dagbag.py:538} INFO - Filling up the DagBag from /opt/airflow/dags/dbt_dag.py
[2026-05-04T09:25:44.112+0000] {processor.py:840} INFO - DAG(s) 'dbt_pipeline' retrieved from /opt/airflow/dags/dbt_dag.py
[2026-05-04T09:25:44.134+0000] {logging_mixin.py:188} INFO - [2026-05-04T09:25:44.133+0000] {dag.py:3036} INFO - Sync 1 DAGs
[2026-05-04T09:25:44.152+0000] {logging_mixin.py:188} INFO - [2026-05-04T09:25:44.152+0000] {dag.py:3823} INFO - Setting next_dagrun for dbt_pipeline to 2026-05-04 00:00:00+00:00, run_after=2026-05-05 00:00:00+00:00
[2026-05-04T09:25:44.169+0000] {processor.py:183} INFO - Processing /opt/airflow/dags/dbt_dag.py took 0.077 seconds
[2026-05-04T09:26:14.272+0000] {processor.py:161} INFO - Started process (PID=251) to work on /opt/airflow/dags/dbt_dag.py
[2026-05-04T09:26:14.273+0000] {processor.py:830} INFO - Processing file /opt/airflow/dags/dbt_dag.py for tasks to queue
[2026-05-04T09:26:14.274+0000] {logging_mixin.py:188} INFO - [2026-05-04T09:26:14.273+0000] {dagbag.py:538} INFO - Filling up the DagBag from /opt/airflow/dags/dbt_dag.py
[2026-05-04T09:26:14.294+0000] {processor.py:840} INFO - DAG(s) 'dbt_pipeline' retrieved from /opt/airflow/dags/dbt_dag.py
[2026-05-04T09:26:14.323+0000] {logging_mixin.py:188} INFO - [2026-05-04T09:26:14.323+0000] {dag.py:3036} INFO - Sync 1 DAGs
[2026-05-04T09:26:14.345+0000] {logging_mixin.py:188} INFO - [2026-05-04T09:26:14.345+0000] {dag.py:3823} INFO - Setting next_dagrun for dbt_pipeline to 2026-05-04 00:00:00+00:00, run_after=2026-05-05 00:00:00+00:00
[2026-05-04T09:26:14.369+0000] {processor.py:183} INFO - Processing /opt/airflow/dags/dbt_dag.py took 0.100 seconds
[2026-05-04T09:26:44.549+0000] {processor.py:161} INFO - Started process (PID=256) to work on /opt/airflow/dags/dbt_dag.py
[2026-05-04T09:26:44.555+0000] {processor.py:830} INFO - Processing file /opt/airflow/dags/dbt_dag.py for tasks to queue
[2026-05-04T09:26:44.559+0000] {logging_mixin.py:188} INFO - [2026-05-04T09:26:44.556+0000] {dagbag.py:538} INFO - Filling up the DagBag from /opt/airflow/dags/dbt_dag.py
[2026-05-04T09:26:44.622+0000] {processor.py:840} INFO - DAG(s) 'dbt_pipeline' retrieved from /opt/airflow/dags/dbt_dag.py
[2026-05-04T09:26:44.651+0000] {logging_mixin.py:188} INFO - [2026-05-04T09:26:44.650+0000] {dag.py:3036} INFO - Sync 1 DAGs
[2026-05-04T09:26:44.673+0000] {logging_mixin.py:188} INFO - [2026-05-04T09:26:44.672+0000] {dag.py:3823} INFO - Setting next_dagrun for dbt_pipeline to 2026-05-04 00:00:00+00:00, run_after=2026-05-05 00:00:00+00:00
[2026-05-04T09:26:44.696+0000] {processor.py:183} INFO - Processing /opt/airflow/dags/dbt_dag.py took 0.155 seconds
[2026-05-04T09:27:14.757+0000] {processor.py:161} INFO - Started process (PID=267) to work on /opt/airflow/dags/dbt_dag.py
[2026-05-04T09:27:14.758+0000] {processor.py:830} INFO - Processing file /opt/airflow/dags/dbt_dag.py for tasks to queue
[2026-05-04T09:27:14.759+0000] {logging_mixin.py:188} INFO - [2026-05-04T09:27:14.759+0000] {dagbag.py:538} INFO - Filling up the DagBag from /opt/airflow/dags/dbt_dag.py
[2026-05-04T09:27:14.776+0000] {processor.py:840} INFO - DAG(s) 'dbt_pipeline' retrieved from /opt/airflow/dags/dbt_dag.py
[2026-05-04T09:27:14.799+0000] {logging_mixin.py:188} INFO - [2026-05-04T09:27:14.799+0000] {dag.py:3036} INFO - Sync 1 DAGs
[2026-05-04T09:27:14.821+0000] {logging_mixin.py:188} INFO - [2026-05-04T09:27:14.820+0000] {dag.py:3823} INFO - Setting next_dagrun for dbt_pipeline to 2026-05-04 00:00:00+00:00, run_after=2026-05-05 00:00:00+00:00
[2026-05-04T09:27:14.841+0000] {processor.py:183} INFO - Processing /opt/airflow/dags/dbt_dag.py took 0.090 seconds
[2026-05-04T09:28:05.099+0000] {processor.py:161} INFO - Started process (PID=167) to work on /opt/airflow/dags/dbt_dag.py
[2026-05-04T09:28:05.101+0000] {processor.py:830} INFO - Processing file /opt/airflow/dags/dbt_dag.py for tasks to queue
[2026-05-04T09:28:05.102+0000] {logging_mixin.py:188} INFO - [2026-05-04T09:28:05.101+0000] {dagbag.py:538} INFO - Filling up the DagBag from /opt/airflow/dags/dbt_dag.py
[2026-05-04T09:28:05.145+0000] {processor.py:840} INFO - DAG(s) 'dbt_pipeline' retrieved from /opt/airflow/dags/dbt_dag.py
[2026-05-04T09:28:05.433+0000] {logging_mixin.py:188} INFO - [2026-05-04T09:28:05.433+0000] {dag.py:3036} INFO - Sync 1 DAGs
[2026-05-04T09:28:05.471+0000] {logging_mixin.py:188} INFO - [2026-05-04T09:28:05.470+0000] {dag.py:3823} INFO - Setting next_dagrun for dbt_pipeline to 2026-05-04 00:00:00+00:00, run_after=2026-05-05 00:00:00+00:00
[2026-05-04T09:28:05.502+0000] {processor.py:183} INFO - Processing /opt/airflow/dags/dbt_dag.py took 0.406 seconds
[2026-05-04T09:28:35.817+0000] {processor.py:161} INFO - Started process (PID=173) to work on /opt/airflow/dags/dbt_dag.py
[2026-05-04T09:28:35.824+0000] {processor.py:830} INFO - Processing file /opt/airflow/dags/dbt_dag.py for tasks to queue
[2026-05-04T09:28:35.828+0000] {logging_mixin.py:188} INFO - [2026-05-04T09:28:35.827+0000] {dagbag.py:538} INFO - Filling up the DagBag from /opt/airflow/dags/dbt_dag.py
[2026-05-04T09:28:35.886+0000] {processor.py:840} INFO - DAG(s) 'dbt_pipeline' retrieved from /opt/airflow/dags/dbt_dag.py
[2026-05-04T09:28:35.950+0000] {logging_mixin.py:188} INFO - [2026-05-04T09:28:35.950+0000] {dag.py:3036} INFO - Sync 1 DAGs
[2026-05-04T09:28:36.016+0000] {logging_mixin.py:188} INFO - [2026-05-04T09:28:36.015+0000] {dag.py:3823} INFO - Setting next_dagrun for dbt_pipeline to 2026-05-04 00:00:00+00:00, run_after=2026-05-05 00:00:00+00:00
[2026-05-04T09:28:36.077+0000] {processor.py:183} INFO - Processing /opt/airflow/dags/dbt_dag.py took 0.274 seconds
[2026-05-04T09:29:27.564+0000] {processor.py:161} INFO - Started process (PID=168) to work on /opt/airflow/dags/dbt_dag.py
[2026-05-04T09:29:27.566+0000] {processor.py:830} INFO - Processing file /opt/airflow/dags/dbt_dag.py for tasks to queue
[2026-05-04T09:29:27.567+0000] {logging_mixin.py:188} INFO - [2026-05-04T09:29:27.567+0000] {dagbag.py:538} INFO - Filling up the DagBag from /opt/airflow/dags/dbt_dag.py
[2026-05-04T09:29:27.603+0000] {processor.py:840} INFO - DAG(s) 'dbt_pipeline' retrieved from /opt/airflow/dags/dbt_dag.py
[2026-05-04T09:29:27.869+0000] {logging_mixin.py:188} INFO - [2026-05-04T09:29:27.868+0000] {dag.py:3036} INFO - Sync 1 DAGs
[2026-05-04T09:29:27.893+0000] {logging_mixin.py:188} INFO - [2026-05-04T09:29:27.892+0000] {dag.py:3823} INFO - Setting next_dagrun for dbt_pipeline to 2026-05-04 00:00:00+00:00, run_after=2026-05-05 00:00:00+00:00
[2026-05-04T09:29:27.931+0000] {processor.py:183} INFO - Processing /opt/airflow/dags/dbt_dag.py took 0.373 seconds
[2026-05-04T09:29:58.143+0000] {processor.py:161} INFO - Started process (PID=173) to work on /opt/airflow/dags/dbt_dag.py
[2026-05-04T09:29:58.145+0000] {processor.py:830} INFO - Processing file /opt/airflow/dags/dbt_dag.py for tasks to queue
[2026-05-04T09:29:58.147+0000] {logging_mixin.py:188} INFO - [2026-05-04T09:29:58.146+0000] {dagbag.py:538} INFO - Filling up the DagBag from /opt/airflow/dags/dbt_dag.py
[2026-05-04T09:29:58.180+0000] {processor.py:840} INFO - DAG(s) 'dbt_pipeline' retrieved from /opt/airflow/dags/dbt_dag.py
[2026-05-04T09:29:58.278+0000] {logging_mixin.py:188} INFO - [2026-05-04T09:29:58.278+0000] {dag.py:3036} INFO - Sync 1 DAGs
[2026-05-04T09:29:58.337+0000] {logging_mixin.py:188} INFO - [2026-05-04T09:29:58.337+0000] {dag.py:3823} INFO - Setting next_dagrun for dbt_pipeline to 2026-05-04 00:00:00+00:00, run_after=2026-05-05 00:00:00+00:00
[2026-05-04T09:29:58.371+0000] {processor.py:183} INFO - Processing /opt/airflow/dags/dbt_dag.py took 0.232 seconds
[2026-05-04T09:30:28.641+0000] {processor.py:161} INFO - Started process (PID=189) to work on /opt/airflow/dags/dbt_dag.py
[2026-05-04T09:30:28.646+0000] {processor.py:830} INFO - Processing file /opt/airflow/dags/dbt_dag.py for tasks to queue
[2026-05-04T09:30:28.649+0000] {logging_mixin.py:188} INFO - [2026-05-04T09:30:28.649+0000] {dagbag.py:538} INFO - Filling up the DagBag from /opt/airflow/dags/dbt_dag.py
[2026-05-04T09:30:28.728+0000] {processor.py:840} INFO - DAG(s) 'dbt_pipeline' retrieved from /opt/airflow/dags/dbt_dag.py
[2026-05-04T09:30:28.849+0000] {logging_mixin.py:188} INFO - [2026-05-04T09:30:28.849+0000] {dag.py:3036} INFO - Sync 1 DAGs
[2026-05-04T09:30:28.931+0000] {logging_mixin.py:188} INFO - [2026-05-04T09:30:28.930+0000] {dag.py:3823} INFO - Setting next_dagrun for dbt_pipeline to 2026-05-04 00:00:00+00:00, run_after=2026-05-05 00:00:00+00:00
[2026-05-04T09:30:28.964+0000] {processor.py:183} INFO - Processing /opt/airflow/dags/dbt_dag.py took 0.335 seconds
[2026-05-04T09:30:59.155+0000] {processor.py:161} INFO - Started process (PID=210) to work on /opt/airflow/dags/dbt_dag.py
[2026-05-04T09:30:59.156+0000] {processor.py:830} INFO - Processing file /opt/airflow/dags/dbt_dag.py for tasks to queue
[2026-05-04T09:30:59.157+0000] {logging_mixin.py:188} INFO - [2026-05-04T09:30:59.157+0000] {dagbag.py:538} INFO - Filling up the DagBag from /opt/airflow/dags/dbt_dag.py
[2026-05-04T09:30:59.179+0000] {processor.py:840} INFO - DAG(s) 'dbt_pipeline' retrieved from /opt/airflow/dags/dbt_dag.py
[2026-05-04T09:30:59.206+0000] {logging_mixin.py:188} INFO - [2026-05-04T09:30:59.206+0000] {dag.py:3036} INFO - Sync 1 DAGs
[2026-05-04T09:30:59.228+0000] {logging_mixin.py:188} INFO - [2026-05-04T09:30:59.228+0000] {dag.py:3823} INFO - Setting next_dagrun for dbt_pipeline to 2026-05-04 00:00:00+00:00, run_after=2026-05-05 00:00:00+00:00
[2026-05-04T09:30:59.263+0000] {processor.py:183} INFO - Processing /opt/airflow/dags/dbt_dag.py took 0.112 seconds
[2026-05-04T09:31:29.324+0000] {processor.py:161} INFO - Started process (PID=215) to work on /opt/airflow/dags/dbt_dag.py
[2026-05-04T09:31:29.325+0000] {processor.py:830} INFO - Processing file /opt/airflow/dags/dbt_dag.py for tasks to queue
[2026-05-04T09:31:29.327+0000] {logging_mixin.py:188} INFO - [2026-05-04T09:31:29.326+0000] {dagbag.py:538} INFO - Filling up the DagBag from /opt/airflow/dags/dbt_dag.py
[2026-05-04T09:31:29.356+0000] {processor.py:840} INFO - DAG(s) 'dbt_pipeline' retrieved from /opt/airflow/dags/dbt_dag.py
[2026-05-04T09:31:29.393+0000] {logging_mixin.py:188} INFO - [2026-05-04T09:31:29.393+0000] {dag.py:3036} INFO - Sync 1 DAGs
[2026-05-04T09:31:29.419+0000] {logging_mixin.py:188} INFO - [2026-05-04T09:31:29.419+0000] {dag.py:3823} INFO - Setting next_dagrun for dbt_pipeline to 2026-05-04 00:00:00+00:00, run_after=2026-05-05 00:00:00+00:00
[2026-05-04T09:31:29.442+0000] {processor.py:183} INFO - Processing /opt/airflow/dags/dbt_dag.py took 0.121 seconds
[2026-05-04T09:31:59.589+0000] {processor.py:161} INFO - Started process (PID=220) to work on /opt/airflow/dags/dbt_dag.py
[2026-05-04T09:31:59.590+0000] {processor.py:830} INFO - Processing file /opt/airflow/dags/dbt_dag.py for tasks to queue
[2026-05-04T09:31:59.591+0000] {logging_mixin.py:188} INFO - [2026-05-04T09:31:59.590+0000] {dagbag.py:538} INFO - Filling up the DagBag from /opt/airflow/dags/dbt_dag.py
[2026-05-04T09:31:59.610+0000] {processor.py:840} INFO - DAG(s) 'dbt_pipeline' retrieved from /opt/airflow/dags/dbt_dag.py
[2026-05-04T09:31:59.641+0000] {logging_mixin.py:188} INFO - [2026-05-04T09:31:59.641+0000] {dag.py:3036} INFO - Sync 1 DAGs
[2026-05-04T09:31:59.665+0000] {logging_mixin.py:188} INFO - [2026-05-04T09:31:59.665+0000] {dag.py:3823} INFO - Setting next_dagrun for dbt_pipeline to 2026-05-04 00:00:00+00:00, run_after=2026-05-05 00:00:00+00:00
[2026-05-04T09:31:59.697+0000] {processor.py:183} INFO - Processing /opt/airflow/dags/dbt_dag.py took 0.111 seconds
[2026-05-04T09:32:29.775+0000] {processor.py:161} INFO - Started process (PID=252) to work on /opt/airflow/dags/dbt_dag.py
[2026-05-04T09:32:29.776+0000] {processor.py:830} INFO - Processing file /opt/airflow/dags/dbt_dag.py for tasks to queue
[2026-05-04T09:32:29.777+0000] {logging_mixin.py:188} INFO - [2026-05-04T09:32:29.777+0000] {dagbag.py:538} INFO - Filling up the DagBag from /opt/airflow/dags/dbt_dag.py
[2026-05-04T09:32:29.794+0000] {processor.py:840} INFO - DAG(s) 'dbt_pipeline' retrieved from /opt/airflow/dags/dbt_dag.py
[2026-05-04T09:32:29.818+0000] {logging_mixin.py:188} INFO - [2026-05-04T09:32:29.818+0000] {dag.py:3036} INFO - Sync 1 DAGs
[2026-05-04T09:32:29.837+0000] {logging_mixin.py:188} INFO - [2026-05-04T09:32:29.837+0000] {dag.py:3823} INFO - Setting next_dagrun for dbt_pipeline to 2026-05-04 00:00:00+00:00, run_after=2026-05-05 00:00:00+00:00
[2026-05-04T09:32:29.859+0000] {processor.py:183} INFO - Processing /opt/airflow/dags/dbt_dag.py took 0.088 seconds
[2026-05-04T09:33:00.048+0000] {processor.py:161} INFO - Started process (PID=257) to work on /opt/airflow/dags/dbt_dag.py
[2026-05-04T09:33:00.049+0000] {processor.py:830} INFO - Processing file /opt/airflow/dags/dbt_dag.py for tasks to queue
[2026-05-04T09:33:00.050+0000] {logging_mixin.py:188} INFO - [2026-05-04T09:33:00.050+0000] {dagbag.py:538} INFO - Filling up the DagBag from /opt/airflow/dags/dbt_dag.py
[2026-05-04T09:33:00.068+0000] {processor.py:840} INFO - DAG(s) 'dbt_pipeline' retrieved from /opt/airflow/dags/dbt_dag.py
[2026-05-04T09:33:00.091+0000] {logging_mixin.py:188} INFO - [2026-05-04T09:33:00.091+0000] {dag.py:3036} INFO - Sync 1 DAGs
[2026-05-04T09:33:00.110+0000] {logging_mixin.py:188} INFO - [2026-05-04T09:33:00.110+0000] {dag.py:3823} INFO - Setting next_dagrun for dbt_pipeline to 2026-05-04 00:00:00+00:00, run_after=2026-05-05 00:00:00+00:00
[2026-05-04T09:33:00.128+0000] {processor.py:183} INFO - Processing /opt/airflow/dags/dbt_dag.py took 0.083 seconds
[2026-05-04T09:33:30.221+0000] {processor.py:161} INFO - Started process (PID=262) to work on /opt/airflow/dags/dbt_dag.py
[2026-05-04T09:33:30.221+0000] {processor.py:830} INFO - Processing file /opt/airflow/dags/dbt_dag.py for tasks to queue
[2026-05-04T09:33:30.222+0000] {logging_mixin.py:188} INFO - [2026-05-04T09:33:30.222+0000] {dagbag.py:538} INFO - Filling up the DagBag from /opt/airflow/dags/dbt_dag.py
[2026-05-04T09:33:30.240+0000] {processor.py:840} INFO - DAG(s) 'dbt_pipeline' retrieved from /opt/airflow/dags/dbt_dag.py
[2026-05-04T09:33:30.265+0000] {logging_mixin.py:188} INFO - [2026-05-04T09:33:30.265+0000] {dag.py:3036} INFO - Sync 1 DAGs
[2026-05-04T09:33:30.285+0000] {logging_mixin.py:188} INFO - [2026-05-04T09:33:30.285+0000] {dag.py:3823} INFO - Setting next_dagrun for dbt_pipeline to 2026-05-04 00:00:00+00:00, run_after=2026-05-05 00:00:00+00:00
[2026-05-04T09:33:30.305+0000] {processor.py:183} INFO - Processing /opt/airflow/dags/dbt_dag.py took 0.087 seconds
[2026-05-04T09:34:00.463+0000] {processor.py:161} INFO - Started process (PID=267) to work on /opt/airflow/dags/dbt_dag.py
[2026-05-04T09:34:00.464+0000] {processor.py:830} INFO - Processing file /opt/airflow/dags/dbt_dag.py for tasks to queue
[2026-05-04T09:34:00.465+0000] {logging_mixin.py:188} INFO - [2026-05-04T09:34:00.465+0000] {dagbag.py:538} INFO - Filling up the DagBag from /opt/airflow/dags/dbt_dag.py
[2026-05-04T09:34:00.484+0000] {processor.py:840} INFO - DAG(s) 'dbt_pipeline' retrieved from /opt/airflow/dags/dbt_dag.py
[2026-05-04T09:34:00.510+0000] {logging_mixin.py:188} INFO - [2026-05-04T09:34:00.510+0000] {dag.py:3036} INFO - Sync 1 DAGs
[2026-05-04T09:34:00.532+0000] {logging_mixin.py:188} INFO - [2026-05-04T09:34:00.532+0000] {dag.py:3823} INFO - Setting next_dagrun for dbt_pipeline to 2026-05-04 00:00:00+00:00, run_after=2026-05-05 00:00:00+00:00
[2026-05-04T09:34:00.549+0000] {processor.py:183} INFO - Processing /opt/airflow/dags/dbt_dag.py took 0.088 seconds
[2026-05-04T09:34:30.671+0000] {processor.py:161} INFO - Started process (PID=272) to work on /opt/airflow/dags/dbt_dag.py
[2026-05-04T09:34:30.672+0000] {processor.py:830} INFO - Processing file /opt/airflow/dags/dbt_dag.py for tasks to queue
[2026-05-04T09:34:30.673+0000] {logging_mixin.py:188} INFO - [2026-05-04T09:34:30.672+0000] {dagbag.py:538} INFO - Filling up the DagBag from /opt/airflow/dags/dbt_dag.py
[2026-05-04T09:34:30.689+0000] {processor.py:840} INFO - DAG(s) 'dbt_pipeline' retrieved from /opt/airflow/dags/dbt_dag.py
[2026-05-04T09:34:30.713+0000] {logging_mixin.py:188} INFO - [2026-05-04T09:34:30.713+0000] {dag.py:3036} INFO - Sync 1 DAGs
[2026-05-04T09:34:30.733+0000] {logging_mixin.py:188} INFO - [2026-05-04T09:34:30.733+0000] {dag.py:3823} INFO - Setting next_dagrun for dbt_pipeline to 2026-05-04 00:00:00+00:00, run_after=2026-05-05 00:00:00+00:00
[2026-05-04T09:34:30.752+0000] {processor.py:183} INFO - Processing /opt/airflow/dags/dbt_dag.py took 0.084 seconds
[2026-05-04T09:35:00.892+0000] {processor.py:161} INFO - Started process (PID=277) to work on /opt/airflow/dags/dbt_dag.py
[2026-05-04T09:35:00.893+0000] {processor.py:830} INFO - Processing file /opt/airflow/dags/dbt_dag.py for tasks to queue
[2026-05-04T09:35:00.894+0000] {logging_mixin.py:188} INFO - [2026-05-04T09:35:00.893+0000] {dagbag.py:538} INFO - Filling up the DagBag from /opt/airflow/dags/dbt_dag.py
[2026-05-04T09:35:00.911+0000] {processor.py:840} INFO - DAG(s) 'dbt_pipeline' retrieved from /opt/airflow/dags/dbt_dag.py
[2026-05-04T09:35:00.934+0000] {logging_mixin.py:188} INFO - [2026-05-04T09:35:00.934+0000] {dag.py:3036} INFO - Sync 1 DAGs
[2026-05-04T09:35:00.952+0000] {logging_mixin.py:188} INFO - [2026-05-04T09:35:00.951+0000] {dag.py:3823} INFO - Setting next_dagrun for dbt_pipeline to 2026-05-04 00:00:00+00:00, run_after=2026-05-05 00:00:00+00:00
[2026-05-04T09:35:00.968+0000] {processor.py:183} INFO - Processing /opt/airflow/dags/dbt_dag.py took 0.079 seconds
[2026-05-04T09:35:31.081+0000] {processor.py:161} INFO - Started process (PID=282) to work on /opt/airflow/dags/dbt_dag.py
[2026-05-04T09:35:31.082+0000] {processor.py:830} INFO - Processing file /opt/airflow/dags/dbt_dag.py for tasks to queue
[2026-05-04T09:35:31.083+0000] {logging_mixin.py:188} INFO - [2026-05-04T09:35:31.083+0000] {dagbag.py:538} INFO - Filling up the DagBag from /opt/airflow/dags/dbt_dag.py
[2026-05-04T09:35:31.105+0000] {processor.py:840} INFO - DAG(s) 'dbt_pipeline' retrieved from /opt/airflow/dags/dbt_dag.py
[2026-05-04T09:35:31.127+0000] {logging_mixin.py:188} INFO - [2026-05-04T09:35:31.127+0000] {dag.py:3036} INFO - Sync 1 DAGs
[2026-05-04T09:35:31.144+0000] {logging_mixin.py:188} INFO - [2026-05-04T09:35:31.144+0000] {dag.py:3823} INFO - Setting next_dagrun for dbt_pipeline to 2026-05-04 00:00:00+00:00, run_after=2026-05-05 00:00:00+00:00
[2026-05-04T09:35:31.160+0000] {processor.py:183} INFO - Processing /opt/airflow/dags/dbt_dag.py took 0.082 seconds
